[2024-01-15 11:20:03 [32mINFO [0;39m restartedMain] [com.green.greengram4.Greengram4Application] [36mStarting Greengram4Application using Java 17.0.8.1 with PID 5760 (D:\2023\java\greengram4\build\classes\java\main started by Administrator in D:\2023\java\greengram4)[0;39m
[2024-01-15 11:20:03 [32mINFO [0;39m restartedMain] [com.green.greengram4.Greengram4Application] [36mNo active profile set, falling back to 1 default profile: "default"[0;39m
[2024-01-15 11:20:03 [32mINFO [0;39m restartedMain] [org.springframework.boot.devtools.env.DevToolsPropertyDefaultsPostProcessor] [36mDevtools property defaults active! Set 'spring.devtools.add-properties' to 'false' to disable[0;39m
[2024-01-15 11:20:03 [32mINFO [0;39m restartedMain] [org.springframework.boot.devtools.env.DevToolsPropertyDefaultsPostProcessor] [36mFor additional web related logging consider setting the 'logging.level.web' property to 'DEBUG'[0;39m
[2024-01-15 11:20:04 [32mINFO [0;39m restartedMain] [org.springframework.boot.web.embedded.tomcat.TomcatWebServer] [36mTomcat initialized with port 8080 (http)[0;39m
[2024-01-15 11:20:04 [32mINFO [0;39m restartedMain] [org.apache.coyote.http11.Http11NioProtocol] [36mInitializing ProtocolHandler ["http-nio-8080"][0;39m
[2024-01-15 11:20:04 [32mINFO [0;39m restartedMain] [org.apache.catalina.core.StandardService] [36mStarting service [Tomcat][0;39m
[2024-01-15 11:20:04 [32mINFO [0;39m restartedMain] [org.apache.catalina.core.StandardEngine] [36mStarting Servlet engine: [Apache Tomcat/10.1.17][0;39m
[2024-01-15 11:20:04 [32mINFO [0;39m restartedMain] [org.apache.catalina.core.ContainerBase.[Tomcat].[localhost].[/]] [36mInitializing Spring embedded WebApplicationContext[0;39m
[2024-01-15 11:20:04 [32mINFO [0;39m restartedMain] [org.springframework.boot.web.servlet.context.ServletWebServerApplicationContext] [36mRoot WebApplicationContext: initialization completed in 1081 ms[0;39m
[2024-01-15 11:20:04 [32mINFO [0;39m restartedMain] [com.green.greengram4.common.FirebaseConfiguration] [36mFirebaseApp Initialization Complete !!![0;39m
[2024-01-15 11:20:04 [33mWARN [0;39m restartedMain] [org.springframework.boot.autoconfigure.security.servlet.UserDetailsServiceAutoConfiguration] [36m

Using generated security password: d553189d-0dbf-4dd7-a9f8-6f6aee30918a

This generated password is for development use only. Your security configuration must be updated before running your application in production.
[0;39m
[2024-01-15 11:20:04 [32mINFO [0;39m restartedMain] [org.springframework.boot.autoconfigure.web.servlet.WelcomePageHandlerMapping] [36mAdding welcome page: class path resource [static/index.html][0;39m
[2024-01-15 11:20:04 [32mINFO [0;39m restartedMain] [org.springframework.security.web.DefaultSecurityFilterChain] [36mWill secure any request with [org.springframework.security.web.session.DisableEncodeUrlFilter@7c378262, org.springframework.security.web.context.request.async.WebAsyncManagerIntegrationFilter@2ddca6bc, org.springframework.security.web.context.SecurityContextHolderFilter@33024dab, org.springframework.security.web.header.HeaderWriterFilter@47514ac5, org.springframework.web.filter.CorsFilter@4d48bd01, org.springframework.security.web.authentication.logout.LogoutFilter@4a22c493, com.green.greengram4.security.JwtAuthenticationFilter@595053c1, org.springframework.security.web.savedrequest.RequestCacheAwareFilter@5d28d0fd, org.springframework.security.web.servletapi.SecurityContextHolderAwareRequestFilter@7643a489, org.springframework.security.web.authentication.AnonymousAuthenticationFilter@385cf9ab, org.springframework.security.web.session.SessionManagementFilter@6c26fbb7, org.springframework.security.web.access.ExceptionTranslationFilter@51adb630, org.springframework.security.web.access.intercept.AuthorizationFilter@5770c959][0;39m
[2024-01-15 11:20:05 [32mINFO [0;39m restartedMain] [org.springframework.boot.devtools.autoconfigure.OptionalLiveReloadServer] [36mLiveReload server is running on port 35729[0;39m
[2024-01-15 11:20:05 [32mINFO [0;39m restartedMain] [org.apache.coyote.http11.Http11NioProtocol] [36mStarting ProtocolHandler ["http-nio-8080"][0;39m
[2024-01-15 11:20:05 [32mINFO [0;39m restartedMain] [org.springframework.boot.web.embedded.tomcat.TomcatWebServer] [36mTomcat started on port 8080 (http) with context path ''[0;39m
[2024-01-15 11:20:05 [32mINFO [0;39m restartedMain] [com.green.greengram4.Greengram4Application] [36mStarted Greengram4Application in 2.28 seconds (process running for 2.737)[0;39m
[2024-01-15 11:30:40 [32mINFO [0;39m File Watcher] [org.springframework.boot.devtools.autoconfigure.LocalDevToolsAutoConfiguration$RestartingClassPathChangeChangedEventListener] [36mRestarting due to 3 class path changes (0 additions, 0 deletions, 3 modifications)[0;39m
[2024-01-15 11:30:40 [32mINFO [0;39m Thread-5] [org.apache.coyote.http11.Http11NioProtocol] [36mStopping ProtocolHandler ["http-nio-8080"][0;39m
[2024-01-15 11:30:40 [32mINFO [0;39m restartedMain] [com.green.greengram4.Greengram4Application] [36mStarting Greengram4Application using Java 17.0.8.1 with PID 5760 (D:\2023\java\greengram4\build\classes\java\main started by Administrator in D:\2023\java\greengram4)[0;39m
[2024-01-15 11:30:40 [32mINFO [0;39m restartedMain] [com.green.greengram4.Greengram4Application] [36mNo active profile set, falling back to 1 default profile: "default"[0;39m
[2024-01-15 11:30:41 [32mINFO [0;39m restartedMain] [org.springframework.boot.web.embedded.tomcat.TomcatWebServer] [36mTomcat initialized with port 8080 (http)[0;39m
[2024-01-15 11:30:41 [32mINFO [0;39m restartedMain] [org.apache.coyote.http11.Http11NioProtocol] [36mInitializing ProtocolHandler ["http-nio-8080"][0;39m
[2024-01-15 11:30:41 [32mINFO [0;39m restartedMain] [org.apache.catalina.core.StandardService] [36mStarting service [Tomcat][0;39m
[2024-01-15 11:30:41 [32mINFO [0;39m restartedMain] [org.apache.catalina.core.StandardEngine] [36mStarting Servlet engine: [Apache Tomcat/10.1.17][0;39m
[2024-01-15 11:30:41 [32mINFO [0;39m restartedMain] [org.apache.catalina.core.ContainerBase.[Tomcat].[localhost].[/]] [36mInitializing Spring embedded WebApplicationContext[0;39m
[2024-01-15 11:30:41 [32mINFO [0;39m restartedMain] [org.springframework.boot.web.servlet.context.ServletWebServerApplicationContext] [36mRoot WebApplicationContext: initialization completed in 410 ms[0;39m
[2024-01-15 11:30:41 [33mWARN [0;39m restartedMain] [org.springframework.boot.autoconfigure.security.servlet.UserDetailsServiceAutoConfiguration] [36m

Using generated security password: fb10951c-ecc6-45c8-b24a-748b59706d66

This generated password is for development use only. Your security configuration must be updated before running your application in production.
[0;39m
[2024-01-15 11:30:41 [32mINFO [0;39m restartedMain] [org.springframework.boot.autoconfigure.web.servlet.WelcomePageHandlerMapping] [36mAdding welcome page: class path resource [static/index.html][0;39m
[2024-01-15 11:30:41 [32mINFO [0;39m restartedMain] [org.springframework.security.web.DefaultSecurityFilterChain] [36mWill secure any request with [org.springframework.security.web.session.DisableEncodeUrlFilter@70007e2c, org.springframework.security.web.context.request.async.WebAsyncManagerIntegrationFilter@18c7e362, org.springframework.security.web.context.SecurityContextHolderFilter@11f9b035, org.springframework.security.web.header.HeaderWriterFilter@69f84626, org.springframework.web.filter.CorsFilter@3e2318c0, org.springframework.security.web.authentication.logout.LogoutFilter@36352a1, com.green.greengram4.security.JwtAuthenticationFilter@1f157eb9, org.springframework.security.web.savedrequest.RequestCacheAwareFilter@1d6d0442, org.springframework.security.web.servletapi.SecurityContextHolderAwareRequestFilter@368fa8bf, org.springframework.security.web.authentication.AnonymousAuthenticationFilter@7c1c2ac5, org.springframework.security.web.session.SessionManagementFilter@49fab282, org.springframework.security.web.access.ExceptionTranslationFilter@70ef9ee6, org.springframework.security.web.access.intercept.AuthorizationFilter@2efd8009][0;39m
[2024-01-15 11:30:41 [32mINFO [0;39m restartedMain] [org.springframework.boot.devtools.autoconfigure.OptionalLiveReloadServer] [36mLiveReload server is running on port 35729[0;39m
[2024-01-15 11:30:41 [32mINFO [0;39m restartedMain] [org.apache.coyote.http11.Http11NioProtocol] [36mStarting ProtocolHandler ["http-nio-8080"][0;39m
[2024-01-15 11:30:41 [32mINFO [0;39m restartedMain] [org.springframework.boot.web.embedded.tomcat.TomcatWebServer] [36mTomcat started on port 8080 (http) with context path ''[0;39m
[2024-01-15 11:30:41 [32mINFO [0;39m restartedMain] [com.green.greengram4.Greengram4Application] [36mStarted Greengram4Application in 0.683 seconds (process running for 639.139)[0;39m
[2024-01-15 11:30:41 [32mINFO [0;39m restartedMain] [org.springframework.boot.devtools.autoconfigure.ConditionEvaluationDeltaLoggingListener] [36mCondition evaluation unchanged[0;39m
[2024-01-15 11:37:51 [32mINFO [0;39m restartedMain] [com.green.greengram4.Greengram4Application] [36mStarting Greengram4Application using Java 17.0.8.1 with PID 4364 (D:\2023\java\greengram4\build\classes\java\main started by Administrator in D:\2023\java\greengram4)[0;39m
[2024-01-15 11:37:51 [32mINFO [0;39m restartedMain] [com.green.greengram4.Greengram4Application] [36mNo active profile set, falling back to 1 default profile: "default"[0;39m
[2024-01-15 11:37:51 [32mINFO [0;39m restartedMain] [org.springframework.boot.devtools.env.DevToolsPropertyDefaultsPostProcessor] [36mDevtools property defaults active! Set 'spring.devtools.add-properties' to 'false' to disable[0;39m
[2024-01-15 11:37:51 [32mINFO [0;39m restartedMain] [org.springframework.boot.devtools.env.DevToolsPropertyDefaultsPostProcessor] [36mFor additional web related logging consider setting the 'logging.level.web' property to 'DEBUG'[0;39m
[2024-01-15 11:37:52 [32mINFO [0;39m restartedMain] [org.springframework.boot.web.embedded.tomcat.TomcatWebServer] [36mTomcat initialized with port 8080 (http)[0;39m
[2024-01-15 11:37:52 [32mINFO [0;39m restartedMain] [org.apache.coyote.http11.Http11NioProtocol] [36mInitializing ProtocolHandler ["http-nio-8080"][0;39m
[2024-01-15 11:37:52 [32mINFO [0;39m restartedMain] [org.apache.catalina.core.StandardService] [36mStarting service [Tomcat][0;39m
[2024-01-15 11:37:52 [32mINFO [0;39m restartedMain] [org.apache.catalina.core.StandardEngine] [36mStarting Servlet engine: [Apache Tomcat/10.1.17][0;39m
[2024-01-15 11:37:52 [32mINFO [0;39m restartedMain] [org.apache.catalina.core.ContainerBase.[Tomcat].[localhost].[/]] [36mInitializing Spring embedded WebApplicationContext[0;39m
[2024-01-15 11:37:52 [32mINFO [0;39m restartedMain] [org.springframework.boot.web.servlet.context.ServletWebServerApplicationContext] [36mRoot WebApplicationContext: initialization completed in 942 ms[0;39m
[2024-01-15 11:37:52 [32mINFO [0;39m restartedMain] [com.green.greengram4.common.FirebaseConfiguration] [36mFirebaseApp Initialization Complete !!![0;39m
[2024-01-15 11:37:53 [33mWARN [0;39m restartedMain] [org.springframework.boot.autoconfigure.security.servlet.UserDetailsServiceAutoConfiguration] [36m

Using generated security password: f5a23ec4-1992-41ea-be50-70c9104d8764

This generated password is for development use only. Your security configuration must be updated before running your application in production.
[0;39m
[2024-01-15 11:37:53 [32mINFO [0;39m restartedMain] [org.springframework.boot.autoconfigure.web.servlet.WelcomePageHandlerMapping] [36mAdding welcome page: class path resource [static/index.html][0;39m
[2024-01-15 11:37:53 [32mINFO [0;39m restartedMain] [org.springframework.security.web.DefaultSecurityFilterChain] [36mWill secure any request with [org.springframework.security.web.session.DisableEncodeUrlFilter@5dbf7261, org.springframework.security.web.context.request.async.WebAsyncManagerIntegrationFilter@229ca5fb, org.springframework.security.web.context.SecurityContextHolderFilter@61c2cc25, org.springframework.security.web.header.HeaderWriterFilter@7643a489, org.springframework.web.filter.CorsFilter@1542f389, org.springframework.security.web.authentication.logout.LogoutFilter@58ea92ec, com.green.greengram4.security.JwtAuthenticationFilter@4523a994, org.springframework.security.web.savedrequest.RequestCacheAwareFilter@5edf90f4, org.springframework.security.web.servletapi.SecurityContextHolderAwareRequestFilter@dd2d0c6, org.springframework.security.web.authentication.AnonymousAuthenticationFilter@cc4125b, org.springframework.security.web.session.SessionManagementFilter@28c96a2a, org.springframework.security.web.access.ExceptionTranslationFilter@68a2e33f, org.springframework.security.web.access.intercept.AuthorizationFilter@3019e8ad][0;39m
[2024-01-15 11:37:53 [32mINFO [0;39m restartedMain] [org.springframework.boot.devtools.autoconfigure.OptionalLiveReloadServer] [36mLiveReload server is running on port 35729[0;39m
[2024-01-15 11:37:53 [32mINFO [0;39m restartedMain] [org.apache.coyote.http11.Http11NioProtocol] [36mStarting ProtocolHandler ["http-nio-8080"][0;39m
[2024-01-15 11:37:53 [32mINFO [0;39m restartedMain] [org.springframework.boot.web.embedded.tomcat.TomcatWebServer] [36mTomcat started on port 8080 (http) with context path ''[0;39m
[2024-01-15 11:37:53 [32mINFO [0;39m restartedMain] [com.green.greengram4.Greengram4Application] [36mStarted Greengram4Application in 2.016 seconds (process running for 2.442)[0;39m
[2024-01-15 11:38:33 [32mINFO [0;39m http-nio-8080-exec-1] [org.apache.catalina.core.ContainerBase.[Tomcat].[localhost].[/]] [36mInitializing Spring DispatcherServlet 'dispatcherServlet'[0;39m
[2024-01-15 11:38:33 [32mINFO [0;39m http-nio-8080-exec-1] [org.springframework.web.servlet.DispatcherServlet] [36mInitializing Servlet 'dispatcherServlet'[0;39m
[2024-01-15 11:38:33 [32mINFO [0;39m http-nio-8080-exec-1] [org.springframework.web.servlet.DispatcherServlet] [36mCompleted initialization in 0 ms[0;39m
[2024-01-15 11:38:33 [32mINFO [0;39m http-nio-8080-exec-1] [com.green.greengram4.security.JwtAuthenticationFilter] [36mJwtAuthentication-Token: null[0;39m
[2024-01-15 11:38:33 [32mINFO [0;39m http-nio-8080-exec-2] [com.green.greengram4.security.JwtAuthenticationFilter] [36mJwtAuthentication-Token: null[0;39m
[2024-01-15 11:38:33 [32mINFO [0;39m http-nio-8080-exec-6] [com.green.greengram4.security.JwtAuthenticationFilter] [36mJwtAuthentication-Token: null[0;39m
[2024-01-15 11:38:33 [32mINFO [0;39m http-nio-8080-exec-3] [com.green.greengram4.security.JwtAuthenticationFilter] [36mJwtAuthentication-Token: null[0;39m
[2024-01-15 11:38:34 [32mINFO [0;39m http-nio-8080-exec-5] [com.green.greengram4.security.JwtAuthenticationFilter] [36mJwtAuthentication-Token: null[0;39m
[2024-01-15 11:38:34 [32mINFO [0;39m http-nio-8080-exec-9] [com.green.greengram4.security.JwtAuthenticationFilter] [36mJwtAuthentication-Token: null[0;39m
[2024-01-15 11:38:39 [32mINFO [0;39m http-nio-8080-exec-7] [com.green.greengram4.security.JwtAuthenticationFilter] [36mJwtAuthentication-Token: null[0;39m
[2024-01-15 11:38:39 [32mINFO [0;39m http-nio-8080-exec-4] [com.green.greengram4.security.JwtAuthenticationFilter] [36mJwtAuthentication-Token: null[0;39m
[2024-01-15 11:38:39 [32mINFO [0;39m http-nio-8080-exec-8] [com.green.greengram4.security.JwtAuthenticationFilter] [36mJwtAuthentication-Token: null[0;39m
[2024-01-15 11:38:39 [32mINFO [0;39m http-nio-8080-exec-10] [com.green.greengram4.security.JwtAuthenticationFilter] [36mJwtAuthentication-Token: null[0;39m
[2024-01-15 11:38:39 [32mINFO [0;39m http-nio-8080-exec-1] [com.green.greengram4.security.JwtAuthenticationFilter] [36mJwtAuthentication-Token: null[0;39m
[2024-01-15 11:38:39 [32mINFO [0;39m http-nio-8080-exec-6] [com.green.greengram4.security.JwtAuthenticationFilter] [36mJwtAuthentication-Token: null[0;39m
[2024-01-15 11:38:39 [32mINFO [0;39m http-nio-8080-exec-3] [com.green.greengram4.security.JwtAuthenticationFilter] [36mJwtAuthentication-Token: null[0;39m
[2024-01-15 11:38:39 [32mINFO [0;39m http-nio-8080-exec-2] [com.green.greengram4.security.JwtAuthenticationFilter] [36mJwtAuthentication-Token: null[0;39m
[2024-01-15 11:38:39 [32mINFO [0;39m http-nio-8080-exec-2] [org.springdoc.api.AbstractOpenApiResource] [36mInit duration for springdoc-openapi is: 172 ms[0;39m
[2024-01-15 11:38:49 [32mINFO [0;39m http-nio-8080-exec-5] [com.green.greengram4.security.JwtAuthenticationFilter] [36mJwtAuthentication-Token: null[0;39m
[2024-01-15 11:38:49 [32mINFO [0;39m http-nio-8080-exec-5] [com.green.greengram4.user.UserController] [36mdto: UserSigninDto(uid=bob, upw=1212)[0;39m
[2024-01-15 11:38:49 [32mINFO [0;39m http-nio-8080-exec-5] [com.zaxxer.hikari.HikariDataSource] [36mHikariPool-1 - Starting...[0;39m
[2024-01-15 11:38:49 [32mINFO [0;39m http-nio-8080-exec-5] [com.zaxxer.hikari.pool.HikariPool] [36mHikariPool-1 - Added connection org.mariadb.jdbc.Connection@39e95eff[0;39m
[2024-01-15 11:38:49 [32mINFO [0;39m http-nio-8080-exec-5] [com.zaxxer.hikari.HikariDataSource] [36mHikariPool-1 - Start completed.[0;39m
[2024-01-15 11:40:46 [32mINFO [0;39m http-nio-8080-exec-1] [com.green.greengram4.security.JwtAuthenticationFilter] [36mJwtAuthentication-Token: null[0;39m
[2024-01-15 11:41:04 [32mINFO [0;39m http-nio-8080-exec-6] [com.green.greengram4.security.JwtAuthenticationFilter] [36mJwtAuthentication-Token: null[0;39m
[2024-01-15 11:41:04 [33mWARN [0;39m http-nio-8080-exec-6] [org.springframework.web.servlet.mvc.support.DefaultHandlerExceptionResolver] [36mResolved [org.springframework.web.HttpRequestMethodNotSupportedException: Request method 'PATCH' is not supported][0;39m
[2024-01-15 11:41:10 [32mINFO [0;39m http-nio-8080-exec-3] [com.green.greengram4.security.JwtAuthenticationFilter] [36mJwtAuthentication-Token: null[0;39m
[2024-01-15 11:41:21 [32mINFO [0;39m http-nio-8080-exec-2] [com.green.greengram4.security.JwtAuthenticationFilter] [36mJwtAuthentication-Token: null[0;39m
[2024-01-15 11:41:32 [32mINFO [0;39m http-nio-8080-exec-5] [com.green.greengram4.security.JwtAuthenticationFilter] [36mJwtAuthentication-Token: null[0;39m
[2024-01-15 11:42:20 [32mINFO [0;39m http-nio-8080-exec-9] [com.green.greengram4.security.JwtAuthenticationFilter] [36mJwtAuthentication-Token: null[0;39m
[2024-01-15 11:44:18 [32mINFO [0;39m http-nio-8080-exec-10] [com.green.greengram4.security.JwtAuthenticationFilter] [36mJwtAuthentication-Token: null[0;39m
[2024-01-15 11:44:40 [32mINFO [0;39m http-nio-8080-exec-8] [com.green.greengram4.security.JwtAuthenticationFilter] [36mJwtAuthentication-Token: null[0;39m
[2024-01-15 11:45:07 [32mINFO [0;39m http-nio-8080-exec-1] [com.green.greengram4.security.JwtAuthenticationFilter] [36mJwtAuthentication-Token: null[0;39m
[2024-01-15 11:45:51 [32mINFO [0;39m http-nio-8080-exec-6] [com.green.greengram4.security.JwtAuthenticationFilter] [36mJwtAuthentication-Token: null[0;39m
[2024-01-15 11:46:42 [32mINFO [0;39m http-nio-8080-exec-3] [com.green.greengram4.security.JwtAuthenticationFilter] [36mJwtAuthentication-Token: eyJhbGciOiJIUzI1NiJ9.eyJ1c2VyIjoie1wiaXVzZXJcIjozfSIsImlhdCI6MTcwNTI4NjMyOSwiZXhwIjoxNzA1MjkzNTI5fQ.sncz--D7_OlAHkBVLT29MZkwQiuXvem4DBcgjwKSMrU[0;39m
[2024-01-15 11:46:42 [32mINFO [0;39m http-nio-8080-exec-3] [com.green.greengram4.feed.FeedController] [36mpics:[org.springframework.web.multipart.support.StandardMultipartHttpServletRequest$StandardMultipartFile@54876d24, org.springframework.web.multipart.support.StandardMultipartHttpServletRequest$StandardMultipartFile@74c0ae21, org.springframework.web.multipart.support.StandardMultipartHttpServletRequest$StandardMultipartFile@870daee][0;39m
[2024-01-15 11:46:42 [32mINFO [0;39m http-nio-8080-exec-3] [com.green.greengram4.feed.FeedController] [36mdto:FeedInsDto(ifeed=0, iuser=0, contents=테스트, location=학원, pics=null)[0;39m
[2024-01-15 11:46:42 [32mINFO [0;39m http-nio-8080-exec-3] [com.green.greengram4.feed.FeedService] [36mdto.getIuser : 3[0;39m
[2024-01-15 11:51:45 [32mINFO [0;39m SpringApplicationShutdownHook] [com.zaxxer.hikari.HikariDataSource] [36mHikariPool-1 - Shutdown initiated...[0;39m
[2024-01-15 11:51:45 [32mINFO [0;39m SpringApplicationShutdownHook] [com.zaxxer.hikari.HikariDataSource] [36mHikariPool-1 - Shutdown completed.[0;39m
[2024-01-15 11:51:48 [32mINFO [0;39m restartedMain] [com.green.greengram4.Greengram4Application] [36mStarting Greengram4Application using Java 17.0.8.1 with PID 4116 (D:\2023\java\greengram4\build\classes\java\main started by Administrator in D:\2023\java\greengram4)[0;39m
[2024-01-15 11:51:48 [32mINFO [0;39m restartedMain] [com.green.greengram4.Greengram4Application] [36mNo active profile set, falling back to 1 default profile: "default"[0;39m
[2024-01-15 11:51:48 [32mINFO [0;39m restartedMain] [org.springframework.boot.devtools.env.DevToolsPropertyDefaultsPostProcessor] [36mDevtools property defaults active! Set 'spring.devtools.add-properties' to 'false' to disable[0;39m
[2024-01-15 11:51:48 [32mINFO [0;39m restartedMain] [org.springframework.boot.devtools.env.DevToolsPropertyDefaultsPostProcessor] [36mFor additional web related logging consider setting the 'logging.level.web' property to 'DEBUG'[0;39m
[2024-01-15 11:51:49 [32mINFO [0;39m restartedMain] [org.springframework.boot.web.embedded.tomcat.TomcatWebServer] [36mTomcat initialized with port 8080 (http)[0;39m
[2024-01-15 11:51:49 [32mINFO [0;39m restartedMain] [org.apache.coyote.http11.Http11NioProtocol] [36mInitializing ProtocolHandler ["http-nio-8080"][0;39m
[2024-01-15 11:51:49 [32mINFO [0;39m restartedMain] [org.apache.catalina.core.StandardService] [36mStarting service [Tomcat][0;39m
[2024-01-15 11:51:49 [32mINFO [0;39m restartedMain] [org.apache.catalina.core.StandardEngine] [36mStarting Servlet engine: [Apache Tomcat/10.1.17][0;39m
[2024-01-15 11:51:49 [32mINFO [0;39m restartedMain] [org.apache.catalina.core.ContainerBase.[Tomcat].[localhost].[/]] [36mInitializing Spring embedded WebApplicationContext[0;39m
[2024-01-15 11:51:49 [32mINFO [0;39m restartedMain] [org.springframework.boot.web.servlet.context.ServletWebServerApplicationContext] [36mRoot WebApplicationContext: initialization completed in 946 ms[0;39m
[2024-01-15 11:51:49 [32mINFO [0;39m restartedMain] [com.green.greengram4.common.FirebaseConfiguration] [36mFirebaseApp Initialization Complete !!![0;39m
[2024-01-15 11:51:50 [33mWARN [0;39m restartedMain] [org.springframework.boot.autoconfigure.security.servlet.UserDetailsServiceAutoConfiguration] [36m

Using generated security password: db70b18c-55a9-4c25-ab71-112b24daf606

This generated password is for development use only. Your security configuration must be updated before running your application in production.
[0;39m
[2024-01-15 11:51:50 [32mINFO [0;39m restartedMain] [org.springframework.boot.autoconfigure.web.servlet.WelcomePageHandlerMapping] [36mAdding welcome page: class path resource [static/index.html][0;39m
[2024-01-15 11:51:50 [32mINFO [0;39m restartedMain] [org.springframework.security.web.DefaultSecurityFilterChain] [36mWill secure any request with [org.springframework.security.web.session.DisableEncodeUrlFilter@2413cbe0, org.springframework.security.web.context.request.async.WebAsyncManagerIntegrationFilter@252b2818, org.springframework.security.web.context.SecurityContextHolderFilter@7a10f11d, org.springframework.security.web.header.HeaderWriterFilter@529d7a4c, org.springframework.web.filter.CorsFilter@4ac1c38d, org.springframework.security.web.authentication.logout.LogoutFilter@207766ae, com.green.greengram4.security.JwtAuthenticationFilter@33da9eba, org.springframework.security.web.savedrequest.RequestCacheAwareFilter@6f083333, org.springframework.security.web.servletapi.SecurityContextHolderAwareRequestFilter@1da50f7b, org.springframework.security.web.authentication.AnonymousAuthenticationFilter@616637d0, org.springframework.security.web.session.SessionManagementFilter@460551c2, org.springframework.security.web.access.ExceptionTranslationFilter@2ec4814b, org.springframework.security.web.access.intercept.AuthorizationFilter@42487e24][0;39m
[2024-01-15 11:51:50 [32mINFO [0;39m restartedMain] [org.springframework.boot.devtools.autoconfigure.OptionalLiveReloadServer] [36mLiveReload server is running on port 35729[0;39m
[2024-01-15 11:51:50 [32mINFO [0;39m restartedMain] [org.apache.coyote.http11.Http11NioProtocol] [36mStarting ProtocolHandler ["http-nio-8080"][0;39m
[2024-01-15 11:51:50 [32mINFO [0;39m restartedMain] [org.springframework.boot.web.embedded.tomcat.TomcatWebServer] [36mTomcat started on port 8080 (http) with context path ''[0;39m
[2024-01-15 11:51:50 [32mINFO [0;39m restartedMain] [com.green.greengram4.Greengram4Application] [36mStarted Greengram4Application in 2.043 seconds (process running for 2.494)[0;39m
[2024-01-15 11:51:50 [32mINFO [0;39m http-nio-8080-exec-2] [org.apache.catalina.core.ContainerBase.[Tomcat].[localhost].[/]] [36mInitializing Spring DispatcherServlet 'dispatcherServlet'[0;39m
[2024-01-15 11:51:50 [32mINFO [0;39m http-nio-8080-exec-2] [org.springframework.web.servlet.DispatcherServlet] [36mInitializing Servlet 'dispatcherServlet'[0;39m
[2024-01-15 11:51:50 [32mINFO [0;39m http-nio-8080-exec-2] [org.springframework.web.servlet.DispatcherServlet] [36mCompleted initialization in 1 ms[0;39m
[2024-01-15 11:51:50 [32mINFO [0;39m http-nio-8080-exec-2] [com.green.greengram4.security.JwtAuthenticationFilter] [36mJwtAuthentication-Token: eyJhbGciOiJIUzI1NiJ9.eyJ1c2VyIjoie1wiaXVzZXJcIjozfSIsImlhdCI6MTcwNTI4NjMyOSwiZXhwIjoxNzA1MjkzNTI5fQ.sncz--D7_OlAHkBVLT29MZkwQiuXvem4DBcgjwKSMrU[0;39m
[2024-01-15 11:51:50 [32mINFO [0;39m http-nio-8080-exec-2] [com.green.greengram4.feed.FeedController] [36mpics:[org.springframework.web.multipart.support.StandardMultipartHttpServletRequest$StandardMultipartFile@699b9db5, org.springframework.web.multipart.support.StandardMultipartHttpServletRequest$StandardMultipartFile@52871154, org.springframework.web.multipart.support.StandardMultipartHttpServletRequest$StandardMultipartFile@7ca90755][0;39m
[2024-01-15 11:51:50 [32mINFO [0;39m http-nio-8080-exec-2] [com.green.greengram4.feed.FeedController] [36mdto:FeedInsDto(ifeed=0, iuser=0, contents=테스트, location=학원, pics=null)[0;39m
[2024-01-15 11:51:50 [32mINFO [0;39m http-nio-8080-exec-2] [com.green.greengram4.feed.FeedService] [36mdto.getIuser : 3[0;39m
[2024-01-15 11:51:50 [32mINFO [0;39m http-nio-8080-exec-2] [com.zaxxer.hikari.HikariDataSource] [36mHikariPool-1 - Starting...[0;39m
[2024-01-15 11:51:50 [32mINFO [0;39m http-nio-8080-exec-2] [com.zaxxer.hikari.pool.HikariPool] [36mHikariPool-1 - Added connection org.mariadb.jdbc.Connection@7dac4109[0;39m
[2024-01-15 11:51:50 [32mINFO [0;39m http-nio-8080-exec-2] [com.zaxxer.hikari.HikariDataSource] [36mHikariPool-1 - Start completed.[0;39m
[2024-01-15 11:54:13 [32mINFO [0;39m SpringApplicationShutdownHook] [com.zaxxer.hikari.HikariDataSource] [36mHikariPool-1 - Shutdown initiated...[0;39m
[2024-01-15 11:54:13 [32mINFO [0;39m SpringApplicationShutdownHook] [com.zaxxer.hikari.HikariDataSource] [36mHikariPool-1 - Shutdown completed.[0;39m
[2024-01-15 11:54:15 [32mINFO [0;39m restartedMain] [com.green.greengram4.Greengram4Application] [36mStarting Greengram4Application using Java 17.0.8.1 with PID 8992 (D:\2023\java\greengram4\build\classes\java\main started by Administrator in D:\2023\java\greengram4)[0;39m
[2024-01-15 11:54:15 [32mINFO [0;39m restartedMain] [com.green.greengram4.Greengram4Application] [36mNo active profile set, falling back to 1 default profile: "default"[0;39m
[2024-01-15 11:54:15 [32mINFO [0;39m restartedMain] [org.springframework.boot.devtools.env.DevToolsPropertyDefaultsPostProcessor] [36mDevtools property defaults active! Set 'spring.devtools.add-properties' to 'false' to disable[0;39m
[2024-01-15 11:54:15 [32mINFO [0;39m restartedMain] [org.springframework.boot.devtools.env.DevToolsPropertyDefaultsPostProcessor] [36mFor additional web related logging consider setting the 'logging.level.web' property to 'DEBUG'[0;39m
[2024-01-15 11:54:16 [32mINFO [0;39m restartedMain] [org.springframework.boot.web.embedded.tomcat.TomcatWebServer] [36mTomcat initialized with port 8080 (http)[0;39m
[2024-01-15 11:54:16 [32mINFO [0;39m restartedMain] [org.apache.coyote.http11.Http11NioProtocol] [36mInitializing ProtocolHandler ["http-nio-8080"][0;39m
[2024-01-15 11:54:16 [32mINFO [0;39m restartedMain] [org.apache.catalina.core.StandardService] [36mStarting service [Tomcat][0;39m
[2024-01-15 11:54:16 [32mINFO [0;39m restartedMain] [org.apache.catalina.core.StandardEngine] [36mStarting Servlet engine: [Apache Tomcat/10.1.17][0;39m
[2024-01-15 11:54:16 [32mINFO [0;39m restartedMain] [org.apache.catalina.core.ContainerBase.[Tomcat].[localhost].[/]] [36mInitializing Spring embedded WebApplicationContext[0;39m
[2024-01-15 11:54:16 [32mINFO [0;39m restartedMain] [org.springframework.boot.web.servlet.context.ServletWebServerApplicationContext] [36mRoot WebApplicationContext: initialization completed in 959 ms[0;39m
[2024-01-15 11:54:16 [32mINFO [0;39m restartedMain] [com.green.greengram4.common.FirebaseConfiguration] [36mFirebaseApp Initialization Complete !!![0;39m
[2024-01-15 11:54:17 [33mWARN [0;39m restartedMain] [org.springframework.boot.autoconfigure.security.servlet.UserDetailsServiceAutoConfiguration] [36m

Using generated security password: ffad7fdb-9f6c-4a38-b405-ecbf134f387f

This generated password is for development use only. Your security configuration must be updated before running your application in production.
[0;39m
[2024-01-15 11:54:17 [32mINFO [0;39m restartedMain] [org.springframework.boot.autoconfigure.web.servlet.WelcomePageHandlerMapping] [36mAdding welcome page: class path resource [static/index.html][0;39m
[2024-01-15 11:54:17 [32mINFO [0;39m restartedMain] [org.springframework.security.web.DefaultSecurityFilterChain] [36mWill secure any request with [org.springframework.security.web.session.DisableEncodeUrlFilter@3d20b378, org.springframework.security.web.context.request.async.WebAsyncManagerIntegrationFilter@42f8e8cc, org.springframework.security.web.context.SecurityContextHolderFilter@69ab7618, org.springframework.security.web.header.HeaderWriterFilter@25cffa70, org.springframework.web.filter.CorsFilter@3bfd7114, org.springframework.security.web.authentication.logout.LogoutFilter@50e14b00, com.green.greengram4.security.JwtAuthenticationFilter@b3019a8, org.springframework.security.web.savedrequest.RequestCacheAwareFilter@4736c761, org.springframework.security.web.servletapi.SecurityContextHolderAwareRequestFilter@594638f0, org.springframework.security.web.authentication.AnonymousAuthenticationFilter@6a649c0b, org.springframework.security.web.session.SessionManagementFilter@28de275f, org.springframework.security.web.access.ExceptionTranslationFilter@751f8467, org.springframework.security.web.access.intercept.AuthorizationFilter@3ab8a3eb][0;39m
[2024-01-15 11:54:17 [32mINFO [0;39m restartedMain] [org.springframework.boot.devtools.autoconfigure.OptionalLiveReloadServer] [36mLiveReload server is running on port 35729[0;39m
[2024-01-15 11:54:17 [32mINFO [0;39m restartedMain] [org.apache.coyote.http11.Http11NioProtocol] [36mStarting ProtocolHandler ["http-nio-8080"][0;39m
[2024-01-15 11:54:17 [32mINFO [0;39m restartedMain] [org.springframework.boot.web.embedded.tomcat.TomcatWebServer] [36mTomcat started on port 8080 (http) with context path ''[0;39m
[2024-01-15 11:54:17 [32mINFO [0;39m restartedMain] [com.green.greengram4.Greengram4Application] [36mStarted Greengram4Application in 2.029 seconds (process running for 2.462)[0;39m
[2024-01-15 11:54:17 [32mINFO [0;39m http-nio-8080-exec-3] [org.apache.catalina.core.ContainerBase.[Tomcat].[localhost].[/]] [36mInitializing Spring DispatcherServlet 'dispatcherServlet'[0;39m
[2024-01-15 11:54:17 [32mINFO [0;39m http-nio-8080-exec-3] [org.springframework.web.servlet.DispatcherServlet] [36mInitializing Servlet 'dispatcherServlet'[0;39m
[2024-01-15 11:54:17 [32mINFO [0;39m http-nio-8080-exec-3] [org.springframework.web.servlet.DispatcherServlet] [36mCompleted initialization in 1 ms[0;39m
[2024-01-15 11:54:17 [32mINFO [0;39m http-nio-8080-exec-3] [com.green.greengram4.security.JwtAuthenticationFilter] [36mJwtAuthentication-Token: eyJhbGciOiJIUzI1NiJ9.eyJ1c2VyIjoie1wiaXVzZXJcIjozfSIsImlhdCI6MTcwNTI4NjMyOSwiZXhwIjoxNzA1MjkzNTI5fQ.sncz--D7_OlAHkBVLT29MZkwQiuXvem4DBcgjwKSMrU[0;39m
[2024-01-15 11:54:17 [32mINFO [0;39m http-nio-8080-exec-3] [com.green.greengram4.feed.FeedController] [36mpics:[org.springframework.web.multipart.support.StandardMultipartHttpServletRequest$StandardMultipartFile@10ffdc18, org.springframework.web.multipart.support.StandardMultipartHttpServletRequest$StandardMultipartFile@2205382a, org.springframework.web.multipart.support.StandardMultipartHttpServletRequest$StandardMultipartFile@702eb2cf][0;39m
[2024-01-15 11:54:17 [32mINFO [0;39m http-nio-8080-exec-3] [com.green.greengram4.feed.FeedController] [36mdto:FeedInsDto(ifeed=0, iuser=0, contents=테스트, location=학원, pics=null)[0;39m
[2024-01-15 11:54:17 [32mINFO [0;39m http-nio-8080-exec-3] [com.green.greengram4.feed.FeedService] [36mdto.getIuser : 3[0;39m
[2024-01-15 11:54:17 [32mINFO [0;39m http-nio-8080-exec-3] [com.zaxxer.hikari.HikariDataSource] [36mHikariPool-1 - Starting...[0;39m
[2024-01-15 11:54:17 [32mINFO [0;39m http-nio-8080-exec-3] [com.zaxxer.hikari.pool.HikariPool] [36mHikariPool-1 - Added connection org.mariadb.jdbc.Connection@1d6d0395[0;39m
[2024-01-15 11:54:17 [32mINFO [0;39m http-nio-8080-exec-3] [com.zaxxer.hikari.HikariDataSource] [36mHikariPool-1 - Start completed.[0;39m
[2024-01-15 12:20:00 [32mINFO [0;39m File Watcher] [org.springframework.boot.devtools.autoconfigure.LocalDevToolsAutoConfiguration$RestartingClassPathChangeChangedEventListener] [36mRestarting due to 32 class path changes (0 additions, 0 deletions, 32 modifications)[0;39m
[2024-01-15 12:20:00 [32mINFO [0;39m Thread-5] [org.apache.coyote.http11.Http11NioProtocol] [36mStopping ProtocolHandler ["http-nio-8080"][0;39m
[2024-01-15 12:20:00 [32mINFO [0;39m Thread-5] [com.zaxxer.hikari.HikariDataSource] [36mHikariPool-1 - Shutdown initiated...[0;39m
[2024-01-15 12:20:00 [32mINFO [0;39m Thread-5] [com.zaxxer.hikari.HikariDataSource] [36mHikariPool-1 - Shutdown completed.[0;39m
[2024-01-15 12:20:00 [32mINFO [0;39m restartedMain] [com.green.greengram4.Greengram4Application] [36mStarting Greengram4Application using Java 17.0.8.1 with PID 8992 (D:\2023\java\greengram4\build\classes\java\main started by Administrator in D:\2023\java\greengram4)[0;39m
[2024-01-15 12:20:00 [32mINFO [0;39m restartedMain] [com.green.greengram4.Greengram4Application] [36mNo active profile set, falling back to 1 default profile: "default"[0;39m
[2024-01-15 12:20:00 [32mINFO [0;39m restartedMain] [org.springframework.boot.web.embedded.tomcat.TomcatWebServer] [36mTomcat initialized with port 8080 (http)[0;39m
[2024-01-15 12:20:00 [32mINFO [0;39m restartedMain] [org.apache.coyote.http11.Http11NioProtocol] [36mInitializing ProtocolHandler ["http-nio-8080"][0;39m
[2024-01-15 12:20:00 [32mINFO [0;39m restartedMain] [org.apache.catalina.core.StandardService] [36mStarting service [Tomcat][0;39m
[2024-01-15 12:20:00 [32mINFO [0;39m restartedMain] [org.apache.catalina.core.StandardEngine] [36mStarting Servlet engine: [Apache Tomcat/10.1.17][0;39m
[2024-01-15 12:20:00 [32mINFO [0;39m restartedMain] [org.apache.catalina.core.ContainerBase.[Tomcat].[localhost].[/]] [36mInitializing Spring embedded WebApplicationContext[0;39m
[2024-01-15 12:20:00 [32mINFO [0;39m restartedMain] [org.springframework.boot.web.servlet.context.ServletWebServerApplicationContext] [36mRoot WebApplicationContext: initialization completed in 261 ms[0;39m
[2024-01-15 12:20:01 [33mWARN [0;39m restartedMain] [org.springframework.boot.autoconfigure.security.servlet.UserDetailsServiceAutoConfiguration] [36m

Using generated security password: 6bb83d6a-1a8c-4cfe-acf2-6019fb40031f

This generated password is for development use only. Your security configuration must be updated before running your application in production.
[0;39m
[2024-01-15 12:20:01 [32mINFO [0;39m restartedMain] [org.springframework.boot.autoconfigure.web.servlet.WelcomePageHandlerMapping] [36mAdding welcome page: class path resource [static/index.html][0;39m
[2024-01-15 12:20:01 [32mINFO [0;39m restartedMain] [org.springframework.security.web.DefaultSecurityFilterChain] [36mWill secure any request with [org.springframework.security.web.session.DisableEncodeUrlFilter@129aa40c, org.springframework.security.web.context.request.async.WebAsyncManagerIntegrationFilter@45c404f3, org.springframework.security.web.context.SecurityContextHolderFilter@4c556cd4, org.springframework.security.web.header.HeaderWriterFilter@6c449cef, org.springframework.web.filter.CorsFilter@23d71f24, org.springframework.security.web.authentication.logout.LogoutFilter@3876b6cd, com.green.greengram4.security.JwtAuthenticationFilter@731237af, org.springframework.security.web.savedrequest.RequestCacheAwareFilter@177c4702, org.springframework.security.web.servletapi.SecurityContextHolderAwareRequestFilter@5f9702e6, org.springframework.security.web.authentication.AnonymousAuthenticationFilter@16d922a, org.springframework.security.web.session.SessionManagementFilter@4c872ed0, org.springframework.security.web.access.ExceptionTranslationFilter@6af6209c, org.springframework.security.web.access.intercept.AuthorizationFilter@1fd7b9e5][0;39m
[2024-01-15 12:20:01 [32mINFO [0;39m restartedMain] [org.springframework.boot.devtools.autoconfigure.OptionalLiveReloadServer] [36mLiveReload server is running on port 35729[0;39m
[2024-01-15 12:20:01 [32mINFO [0;39m restartedMain] [org.apache.coyote.http11.Http11NioProtocol] [36mStarting ProtocolHandler ["http-nio-8080"][0;39m
[2024-01-15 12:20:01 [32mINFO [0;39m restartedMain] [org.springframework.boot.web.embedded.tomcat.TomcatWebServer] [36mTomcat started on port 8080 (http) with context path ''[0;39m
[2024-01-15 12:20:01 [32mINFO [0;39m restartedMain] [com.green.greengram4.Greengram4Application] [36mStarted Greengram4Application in 0.457 seconds (process running for 1546.022)[0;39m
[2024-01-15 12:20:01 [32mINFO [0;39m restartedMain] [org.springframework.boot.devtools.autoconfigure.ConditionEvaluationDeltaLoggingListener] [36mCondition evaluation unchanged[0;39m
