[2024-01-09 12:01:15 [32mINFO [0;39m restartedMain] [com.green.greengram4.Greengram4Application] [36mStarting Greengram4Application using Java 17.0.8.1 with PID 3440 (D:\2023\java\greengram4\build\classes\java\main started by Administrator in D:\2023\java\greengram4)[0;39m
[2024-01-09 12:01:15 [32mINFO [0;39m restartedMain] [com.green.greengram4.Greengram4Application] [36mNo active profile set, falling back to 1 default profile: "default"[0;39m
[2024-01-09 12:01:15 [32mINFO [0;39m restartedMain] [org.springframework.boot.devtools.env.DevToolsPropertyDefaultsPostProcessor] [36mDevtools property defaults active! Set 'spring.devtools.add-properties' to 'false' to disable[0;39m
[2024-01-09 12:01:15 [32mINFO [0;39m restartedMain] [org.springframework.boot.devtools.env.DevToolsPropertyDefaultsPostProcessor] [36mFor additional web related logging consider setting the 'logging.level.web' property to 'DEBUG'[0;39m
[2024-01-09 12:01:16 [32mINFO [0;39m restartedMain] [org.springframework.boot.web.embedded.tomcat.TomcatWebServer] [36mTomcat initialized with port 8080 (http)[0;39m
[2024-01-09 12:01:16 [32mINFO [0;39m restartedMain] [org.apache.coyote.http11.Http11NioProtocol] [36mInitializing ProtocolHandler ["http-nio-8080"][0;39m
[2024-01-09 12:01:16 [32mINFO [0;39m restartedMain] [org.apache.catalina.core.StandardService] [36mStarting service [Tomcat][0;39m
[2024-01-09 12:01:16 [32mINFO [0;39m restartedMain] [org.apache.catalina.core.StandardEngine] [36mStarting Servlet engine: [Apache Tomcat/10.1.17][0;39m
[2024-01-09 12:01:16 [32mINFO [0;39m restartedMain] [org.apache.catalina.core.ContainerBase.[Tomcat].[localhost].[/]] [36mInitializing Spring embedded WebApplicationContext[0;39m
[2024-01-09 12:01:16 [32mINFO [0;39m restartedMain] [org.springframework.boot.web.servlet.context.ServletWebServerApplicationContext] [36mRoot WebApplicationContext: initialization completed in 1047 ms[0;39m
[2024-01-09 12:01:16 [32mINFO [0;39m restartedMain] [com.green.greengram4.security.JwtTokenProvider] [36msecret : DaeguGreenArtAcademyClass502RoomForJavaSpringBootFighting[0;39m
[2024-01-09 12:01:16 [32mINFO [0;39m restartedMain] [com.green.greengram4.security.JwtTokenProvider] [36mkeyBytes : [13, -89, -96, -72, 106, -34, 122, 112, 43, -76, 7, 26, 117, -23, -78, 10, 86, -84, -77, -99, 54, 70, -118, 38, 22, -118, -55, 106, -10, -110, -90, -72, -89, -128, 26, 40, -76, 88, -96, -122, -40, -89][0;39m
[2024-01-09 12:01:16 [32mINFO [0;39m restartedMain] [com.green.greengram4.common.FirebaseConfiguration] [36mFirebaseApp Initialization Complete !!![0;39m
[2024-01-09 12:01:16 [33mWARN [0;39m restartedMain] [org.springframework.boot.autoconfigure.security.servlet.UserDetailsServiceAutoConfiguration] [36m

Using generated security password: d32e96ed-c6ca-4194-bfaa-8dc6bf62db86

This generated password is for development use only. Your security configuration must be updated before running your application in production.
[0;39m
[2024-01-09 12:01:17 [32mINFO [0;39m restartedMain] [org.springframework.boot.autoconfigure.web.servlet.WelcomePageHandlerMapping] [36mAdding welcome page: class path resource [static/index.html][0;39m
[2024-01-09 12:01:17 [32mINFO [0;39m restartedMain] [org.springframework.security.web.DefaultSecurityFilterChain] [36mWill secure any request with [org.springframework.security.web.session.DisableEncodeUrlFilter@1a3721b8, org.springframework.security.web.context.request.async.WebAsyncManagerIntegrationFilter@7b74214f, org.springframework.security.web.context.SecurityContextHolderFilter@1455f449, org.springframework.security.web.header.HeaderWriterFilter@7029dcf0, org.springframework.web.filter.CorsFilter@196d4f95, org.springframework.security.web.authentication.logout.LogoutFilter@1869b8b8, com.green.greengram4.security.JwtAuthenticationFilter@dfbd6a9, org.springframework.security.web.savedrequest.RequestCacheAwareFilter@fd812e5, org.springframework.security.web.servletapi.SecurityContextHolderAwareRequestFilter@1aa90375, org.springframework.security.web.authentication.AnonymousAuthenticationFilter@76a2a049, org.springframework.security.web.session.SessionManagementFilter@3190b596, org.springframework.security.web.access.ExceptionTranslationFilter@1152cc76, org.springframework.security.web.access.intercept.AuthorizationFilter@10ae3180][0;39m
[2024-01-09 12:01:17 [32mINFO [0;39m restartedMain] [org.springframework.boot.devtools.autoconfigure.OptionalLiveReloadServer] [36mLiveReload server is running on port 35729[0;39m
[2024-01-09 12:01:17 [32mINFO [0;39m restartedMain] [org.apache.coyote.http11.Http11NioProtocol] [36mStarting ProtocolHandler ["http-nio-8080"][0;39m
[2024-01-09 12:01:17 [32mINFO [0;39m restartedMain] [org.springframework.boot.web.embedded.tomcat.TomcatWebServer] [36mTomcat started on port 8080 (http) with context path ''[0;39m
[2024-01-09 12:01:17 [32mINFO [0;39m restartedMain] [com.green.greengram4.Greengram4Application] [36mStarted Greengram4Application in 2.276 seconds (process running for 2.769)[0;39m
[2024-01-09 12:02:19 [32mINFO [0;39m File Watcher] [org.springframework.boot.devtools.autoconfigure.LocalDevToolsAutoConfiguration$RestartingClassPathChangeChangedEventListener] [36mRestarting due to 2 class path changes (0 additions, 0 deletions, 2 modifications)[0;39m
[2024-01-09 12:02:19 [32mINFO [0;39m Thread-5] [org.apache.coyote.http11.Http11NioProtocol] [36mStopping ProtocolHandler ["http-nio-8080"][0;39m
[2024-01-09 12:02:19 [32mINFO [0;39m restartedMain] [com.green.greengram4.Greengram4Application] [36mStarting Greengram4Application using Java 17.0.8.1 with PID 3440 (D:\2023\java\greengram4\build\classes\java\main started by Administrator in D:\2023\java\greengram4)[0;39m
[2024-01-09 12:02:19 [32mINFO [0;39m restartedMain] [com.green.greengram4.Greengram4Application] [36mNo active profile set, falling back to 1 default profile: "default"[0;39m
[2024-01-09 12:02:19 [32mINFO [0;39m restartedMain] [org.springframework.boot.web.embedded.tomcat.TomcatWebServer] [36mTomcat initialized with port 8080 (http)[0;39m
[2024-01-09 12:02:19 [32mINFO [0;39m restartedMain] [org.apache.coyote.http11.Http11NioProtocol] [36mInitializing ProtocolHandler ["http-nio-8080"][0;39m
[2024-01-09 12:02:19 [32mINFO [0;39m restartedMain] [org.apache.catalina.core.StandardService] [36mStarting service [Tomcat][0;39m
[2024-01-09 12:02:19 [32mINFO [0;39m restartedMain] [org.apache.catalina.core.StandardEngine] [36mStarting Servlet engine: [Apache Tomcat/10.1.17][0;39m
[2024-01-09 12:02:19 [32mINFO [0;39m restartedMain] [org.apache.catalina.core.ContainerBase.[Tomcat].[localhost].[/]] [36mInitializing Spring embedded WebApplicationContext[0;39m
[2024-01-09 12:02:19 [32mINFO [0;39m restartedMain] [org.springframework.boot.web.servlet.context.ServletWebServerApplicationContext] [36mRoot WebApplicationContext: initialization completed in 369 ms[0;39m
[2024-01-09 12:02:19 [32mINFO [0;39m restartedMain] [com.green.greengram4.security.JwtTokenProvider] [36msecret : DaeguGreenArtAcademyClass502RoomForJavaSpringBootFighting[0;39m
[2024-01-09 12:02:19 [32mINFO [0;39m restartedMain] [com.green.greengram4.security.JwtTokenProvider] [36mkeyBytes : [13, -89, -96, -72, 106, -34, 122, 112, 43, -76, 7, 26, 117, -23, -78, 10, 86, -84, -77, -99, 54, 70, -118, 38, 22, -118, -55, 106, -10, -110, -90, -72, -89, -128, 26, 40, -76, 88, -96, -122, -40, -89][0;39m
[2024-01-09 12:02:19 [33mWARN [0;39m restartedMain] [org.springframework.boot.autoconfigure.security.servlet.UserDetailsServiceAutoConfiguration] [36m

Using generated security password: 2a8a0dbb-21fb-49c0-ad9c-0573fb7a962b

This generated password is for development use only. Your security configuration must be updated before running your application in production.
[0;39m
[2024-01-09 12:02:19 [32mINFO [0;39m restartedMain] [org.springframework.boot.autoconfigure.web.servlet.WelcomePageHandlerMapping] [36mAdding welcome page: class path resource [static/index.html][0;39m
[2024-01-09 12:02:19 [32mINFO [0;39m restartedMain] [org.springframework.security.web.DefaultSecurityFilterChain] [36mWill secure any request with [org.springframework.security.web.session.DisableEncodeUrlFilter@2a5c984c, org.springframework.security.web.context.request.async.WebAsyncManagerIntegrationFilter@11b95068, org.springframework.security.web.context.SecurityContextHolderFilter@23f5fc78, org.springframework.security.web.header.HeaderWriterFilter@766d3dda, org.springframework.web.filter.CorsFilter@59be2e50, org.springframework.security.web.authentication.logout.LogoutFilter@30c173fc, com.green.greengram4.security.JwtAuthenticationFilter@402baf8c, org.springframework.security.web.savedrequest.RequestCacheAwareFilter@40e5c313, org.springframework.security.web.servletapi.SecurityContextHolderAwareRequestFilter@5ff9b538, org.springframework.security.web.authentication.AnonymousAuthenticationFilter@128c6969, org.springframework.security.web.session.SessionManagementFilter@1f8f89d5, org.springframework.security.web.access.ExceptionTranslationFilter@4af520dd, org.springframework.security.web.access.intercept.AuthorizationFilter@4c10ed3b][0;39m
[2024-01-09 12:02:19 [32mINFO [0;39m restartedMain] [org.springframework.boot.devtools.autoconfigure.OptionalLiveReloadServer] [36mLiveReload server is running on port 35729[0;39m
[2024-01-09 12:02:19 [32mINFO [0;39m restartedMain] [org.apache.coyote.http11.Http11NioProtocol] [36mStarting ProtocolHandler ["http-nio-8080"][0;39m
[2024-01-09 12:02:19 [32mINFO [0;39m restartedMain] [org.springframework.boot.web.embedded.tomcat.TomcatWebServer] [36mTomcat started on port 8080 (http) with context path ''[0;39m
[2024-01-09 12:02:19 [32mINFO [0;39m restartedMain] [com.green.greengram4.Greengram4Application] [36mStarted Greengram4Application in 0.577 seconds (process running for 65.058)[0;39m
[2024-01-09 12:02:19 [32mINFO [0;39m restartedMain] [org.springframework.boot.devtools.autoconfigure.ConditionEvaluationDeltaLoggingListener] [36mCondition evaluation unchanged[0;39m
[2024-01-09 12:06:16 [32mINFO [0;39m restartedMain] [com.green.greengram4.Greengram4Application] [36mStarting Greengram4Application using Java 17.0.8.1 with PID 8816 (D:\2023\java\greengram4\build\classes\java\main started by Administrator in D:\2023\java\greengram4)[0;39m
[2024-01-09 12:06:16 [32mINFO [0;39m restartedMain] [com.green.greengram4.Greengram4Application] [36mNo active profile set, falling back to 1 default profile: "default"[0;39m
[2024-01-09 12:06:16 [32mINFO [0;39m restartedMain] [org.springframework.boot.devtools.env.DevToolsPropertyDefaultsPostProcessor] [36mDevtools property defaults active! Set 'spring.devtools.add-properties' to 'false' to disable[0;39m
[2024-01-09 12:06:16 [32mINFO [0;39m restartedMain] [org.springframework.boot.devtools.env.DevToolsPropertyDefaultsPostProcessor] [36mFor additional web related logging consider setting the 'logging.level.web' property to 'DEBUG'[0;39m
[2024-01-09 12:06:17 [32mINFO [0;39m restartedMain] [org.springframework.boot.web.embedded.tomcat.TomcatWebServer] [36mTomcat initialized with port 8080 (http)[0;39m
[2024-01-09 12:06:17 [32mINFO [0;39m restartedMain] [org.apache.coyote.http11.Http11NioProtocol] [36mInitializing ProtocolHandler ["http-nio-8080"][0;39m
[2024-01-09 12:06:17 [32mINFO [0;39m restartedMain] [org.apache.catalina.core.StandardService] [36mStarting service [Tomcat][0;39m
[2024-01-09 12:06:17 [32mINFO [0;39m restartedMain] [org.apache.catalina.core.StandardEngine] [36mStarting Servlet engine: [Apache Tomcat/10.1.17][0;39m
[2024-01-09 12:06:17 [32mINFO [0;39m restartedMain] [org.apache.catalina.core.ContainerBase.[Tomcat].[localhost].[/]] [36mInitializing Spring embedded WebApplicationContext[0;39m
[2024-01-09 12:06:17 [32mINFO [0;39m restartedMain] [org.springframework.boot.web.servlet.context.ServletWebServerApplicationContext] [36mRoot WebApplicationContext: initialization completed in 920 ms[0;39m
[2024-01-09 12:06:17 [32mINFO [0;39m restartedMain] [com.green.greengram4.security.JwtTokenProvider] [36msecret : DaeguGreenArtAcademyClass502RoomForJavaSpringBootFighting[0;39m
[2024-01-09 12:06:17 [32mINFO [0;39m restartedMain] [com.green.greengram4.security.JwtTokenProvider] [36mkeyBytes : [13, -89, -96, -72, 106, -34, 122, 112, 43, -76, 7, 26, 117, -23, -78, 10, 86, -84, -77, -99, 54, 70, -118, 38, 22, -118, -55, 106, -10, -110, -90, -72, -89, -128, 26, 40, -76, 88, -96, -122, -40, -89][0;39m
[2024-01-09 12:06:17 [32mINFO [0;39m restartedMain] [com.green.greengram4.common.FirebaseConfiguration] [36mFirebaseApp Initialization Complete !!![0;39m
[2024-01-09 12:06:17 [33mWARN [0;39m restartedMain] [org.springframework.boot.autoconfigure.security.servlet.UserDetailsServiceAutoConfiguration] [36m

Using generated security password: 12bc477e-e1b9-49e2-907a-d1afe6d41b14

This generated password is for development use only. Your security configuration must be updated before running your application in production.
[0;39m
[2024-01-09 12:06:17 [32mINFO [0;39m restartedMain] [org.springframework.boot.autoconfigure.web.servlet.WelcomePageHandlerMapping] [36mAdding welcome page: class path resource [static/index.html][0;39m
[2024-01-09 12:06:18 [32mINFO [0;39m restartedMain] [org.springframework.security.web.DefaultSecurityFilterChain] [36mWill secure any request with [org.springframework.security.web.session.DisableEncodeUrlFilter@5adee691, org.springframework.security.web.context.request.async.WebAsyncManagerIntegrationFilter@61971d19, org.springframework.security.web.context.SecurityContextHolderFilter@248092a9, org.springframework.security.web.header.HeaderWriterFilter@111cc452, org.springframework.web.filter.CorsFilter@7c71affa, org.springframework.security.web.authentication.logout.LogoutFilter@4d48bd01, com.green.greengram4.security.JwtAuthenticationFilter@35cc4df, org.springframework.security.web.savedrequest.RequestCacheAwareFilter@1c97406a, org.springframework.security.web.servletapi.SecurityContextHolderAwareRequestFilter@298e1099, org.springframework.security.web.authentication.AnonymousAuthenticationFilter@6c11554b, org.springframework.security.web.session.SessionManagementFilter@44aeaece, org.springframework.security.web.access.ExceptionTranslationFilter@7a8686bd, org.springframework.security.web.access.intercept.AuthorizationFilter@1b241ac1][0;39m
[2024-01-09 12:06:18 [32mINFO [0;39m restartedMain] [org.springframework.boot.devtools.autoconfigure.OptionalLiveReloadServer] [36mLiveReload server is running on port 35729[0;39m
[2024-01-09 12:06:18 [32mINFO [0;39m restartedMain] [org.apache.coyote.http11.Http11NioProtocol] [36mStarting ProtocolHandler ["http-nio-8080"][0;39m
[2024-01-09 12:06:18 [32mINFO [0;39m restartedMain] [org.springframework.boot.web.embedded.tomcat.TomcatWebServer] [36mTomcat started on port 8080 (http) with context path ''[0;39m
[2024-01-09 12:06:18 [32mINFO [0;39m restartedMain] [com.green.greengram4.Greengram4Application] [36mStarted Greengram4Application in 1.977 seconds (process running for 2.385)[0;39m
[2024-01-09 12:06:22 [32mINFO [0;39m http-nio-8080-exec-1] [org.apache.catalina.core.ContainerBase.[Tomcat].[localhost].[/]] [36mInitializing Spring DispatcherServlet 'dispatcherServlet'[0;39m
[2024-01-09 12:06:22 [32mINFO [0;39m http-nio-8080-exec-1] [org.springframework.web.servlet.DispatcherServlet] [36mInitializing Servlet 'dispatcherServlet'[0;39m
[2024-01-09 12:06:22 [32mINFO [0;39m http-nio-8080-exec-1] [org.springframework.web.servlet.DispatcherServlet] [36mCompleted initialization in 1 ms[0;39m
[2024-01-09 12:06:22 [32mINFO [0;39m http-nio-8080-exec-1] [com.green.greengram4.security.JwtAuthenticationFilter] [36mJwtAuthentication-Token: null[0;39m
[2024-01-09 12:06:22 [32mINFO [0;39m http-nio-8080-exec-4] [com.green.greengram4.security.JwtAuthenticationFilter] [36mJwtAuthentication-Token: null[0;39m
[2024-01-09 12:06:22 [32mINFO [0;39m http-nio-8080-exec-6] [com.green.greengram4.security.JwtAuthenticationFilter] [36mJwtAuthentication-Token: null[0;39m
[2024-01-09 12:06:22 [32mINFO [0;39m http-nio-8080-exec-8] [com.green.greengram4.security.JwtAuthenticationFilter] [36mJwtAuthentication-Token: null[0;39m
[2024-01-09 12:06:22 [32mINFO [0;39m http-nio-8080-exec-5] [com.green.greengram4.security.JwtAuthenticationFilter] [36mJwtAuthentication-Token: null[0;39m
[2024-01-09 12:06:22 [32mINFO [0;39m http-nio-8080-exec-3] [com.green.greengram4.security.JwtAuthenticationFilter] [36mJwtAuthentication-Token: null[0;39m
[2024-01-09 12:06:25 [32mINFO [0;39m http-nio-8080-exec-7] [com.green.greengram4.security.JwtAuthenticationFilter] [36mJwtAuthentication-Token: null[0;39m
[2024-01-09 12:06:25 [32mINFO [0;39m http-nio-8080-exec-2] [com.green.greengram4.security.JwtAuthenticationFilter] [36mJwtAuthentication-Token: null[0;39m
[2024-01-09 12:06:25 [32mINFO [0;39m http-nio-8080-exec-9] [com.green.greengram4.security.JwtAuthenticationFilter] [36mJwtAuthentication-Token: null[0;39m
[2024-01-09 12:06:25 [32mINFO [0;39m http-nio-8080-exec-10] [com.green.greengram4.security.JwtAuthenticationFilter] [36mJwtAuthentication-Token: null[0;39m
[2024-01-09 12:06:25 [32mINFO [0;39m http-nio-8080-exec-1] [com.green.greengram4.security.JwtAuthenticationFilter] [36mJwtAuthentication-Token: null[0;39m
[2024-01-09 12:06:25 [32mINFO [0;39m http-nio-8080-exec-6] [com.green.greengram4.security.JwtAuthenticationFilter] [36mJwtAuthentication-Token: null[0;39m
[2024-01-09 12:06:26 [32mINFO [0;39m http-nio-8080-exec-8] [com.green.greengram4.security.JwtAuthenticationFilter] [36mJwtAuthentication-Token: null[0;39m
[2024-01-09 12:06:26 [32mINFO [0;39m http-nio-8080-exec-4] [com.green.greengram4.security.JwtAuthenticationFilter] [36mJwtAuthentication-Token: null[0;39m
[2024-01-09 12:06:26 [32mINFO [0;39m http-nio-8080-exec-4] [org.springdoc.api.AbstractOpenApiResource] [36mInit duration for springdoc-openapi is: 163 ms[0;39m
[2024-01-09 13:00:53 [32mINFO [0;39m File Watcher] [org.springframework.boot.devtools.autoconfigure.LocalDevToolsAutoConfiguration$RestartingClassPathChangeChangedEventListener] [36mRestarting due to 8 class path changes (0 additions, 0 deletions, 8 modifications)[0;39m
[2024-01-09 13:00:53 [32mINFO [0;39m Thread-5] [org.apache.coyote.http11.Http11NioProtocol] [36mStopping ProtocolHandler ["http-nio-8080"][0;39m
[2024-01-09 13:00:53 [32mINFO [0;39m restartedMain] [com.green.greengram4.Greengram4Application] [36mStarting Greengram4Application using Java 17.0.8.1 with PID 8816 (D:\2023\java\greengram4\build\classes\java\main started by Administrator in D:\2023\java\greengram4)[0;39m
[2024-01-09 13:00:53 [32mINFO [0;39m restartedMain] [com.green.greengram4.Greengram4Application] [36mNo active profile set, falling back to 1 default profile: "default"[0;39m
[2024-01-09 13:00:53 [32mINFO [0;39m restartedMain] [org.springframework.boot.web.embedded.tomcat.TomcatWebServer] [36mTomcat initialized with port 8080 (http)[0;39m
[2024-01-09 13:00:53 [32mINFO [0;39m restartedMain] [org.apache.coyote.http11.Http11NioProtocol] [36mInitializing ProtocolHandler ["http-nio-8080"][0;39m
[2024-01-09 13:00:53 [32mINFO [0;39m restartedMain] [org.apache.catalina.core.StandardService] [36mStarting service [Tomcat][0;39m
[2024-01-09 13:00:53 [32mINFO [0;39m restartedMain] [org.apache.catalina.core.StandardEngine] [36mStarting Servlet engine: [Apache Tomcat/10.1.17][0;39m
[2024-01-09 13:00:53 [32mINFO [0;39m restartedMain] [org.apache.catalina.core.ContainerBase.[Tomcat].[localhost].[/]] [36mInitializing Spring embedded WebApplicationContext[0;39m
[2024-01-09 13:00:53 [32mINFO [0;39m restartedMain] [org.springframework.boot.web.servlet.context.ServletWebServerApplicationContext] [36mRoot WebApplicationContext: initialization completed in 245 ms[0;39m
[2024-01-09 13:00:54 [32mINFO [0;39m restartedMain] [com.green.greengram4.security.JwtTokenProvider] [36msecret : DaeguGreenArtAcademyClass502RoomForJavaSpringBootFighting[0;39m
[2024-01-09 13:00:54 [32mINFO [0;39m restartedMain] [com.green.greengram4.security.JwtTokenProvider] [36mkeyBytes : [13, -89, -96, -72, 106, -34, 122, 112, 43, -76, 7, 26, 117, -23, -78, 10, 86, -84, -77, -99, 54, 70, -118, 38, 22, -118, -55, 106, -10, -110, -90, -72, -89, -128, 26, 40, -76, 88, -96, -122, -40, -89][0;39m
[2024-01-09 13:00:54 [33mWARN [0;39m restartedMain] [org.springframework.boot.autoconfigure.security.servlet.UserDetailsServiceAutoConfiguration] [36m

Using generated security password: 2484b9e5-3936-4795-90b2-85cae5f82a62

This generated password is for development use only. Your security configuration must be updated before running your application in production.
[0;39m
[2024-01-09 13:00:54 [32mINFO [0;39m restartedMain] [org.springframework.boot.autoconfigure.web.servlet.WelcomePageHandlerMapping] [36mAdding welcome page: class path resource [static/index.html][0;39m
[2024-01-09 13:00:54 [32mINFO [0;39m restartedMain] [org.springframework.security.web.DefaultSecurityFilterChain] [36mWill secure any request with [org.springframework.security.web.session.DisableEncodeUrlFilter@7d2b938, org.springframework.security.web.context.request.async.WebAsyncManagerIntegrationFilter@37f4798e, org.springframework.security.web.context.SecurityContextHolderFilter@50509e22, org.springframework.security.web.header.HeaderWriterFilter@4f5facae, org.springframework.web.filter.CorsFilter@412f6961, org.springframework.security.web.authentication.logout.LogoutFilter@24737023, com.green.greengram4.security.JwtAuthenticationFilter@51ed9289, org.springframework.security.web.savedrequest.RequestCacheAwareFilter@33cdd6d9, org.springframework.security.web.servletapi.SecurityContextHolderAwareRequestFilter@14526d2, org.springframework.security.web.authentication.AnonymousAuthenticationFilter@6449b50c, org.springframework.security.web.session.SessionManagementFilter@3af2d773, org.springframework.security.web.access.ExceptionTranslationFilter@21d854cd, org.springframework.security.web.access.intercept.AuthorizationFilter@4e3d6fdf][0;39m
[2024-01-09 13:00:54 [32mINFO [0;39m restartedMain] [org.springframework.boot.devtools.autoconfigure.OptionalLiveReloadServer] [36mLiveReload server is running on port 35729[0;39m
[2024-01-09 13:00:54 [32mINFO [0;39m restartedMain] [org.apache.coyote.http11.Http11NioProtocol] [36mStarting ProtocolHandler ["http-nio-8080"][0;39m
[2024-01-09 13:00:54 [32mINFO [0;39m restartedMain] [org.springframework.boot.web.embedded.tomcat.TomcatWebServer] [36mTomcat started on port 8080 (http) with context path ''[0;39m
[2024-01-09 13:00:54 [32mINFO [0;39m restartedMain] [com.green.greengram4.Greengram4Application] [36mStarted Greengram4Application in 0.439 seconds (process running for 3278.333)[0;39m
[2024-01-09 13:00:54 [32mINFO [0;39m restartedMain] [org.springframework.boot.devtools.autoconfigure.ConditionEvaluationDeltaLoggingListener] [36mCondition evaluation unchanged[0;39m
[2024-01-09 13:03:02 [32mINFO [0;39m restartedMain] [com.green.greengram4.Greengram4Application] [36mStarting Greengram4Application using Java 17.0.8.1 with PID 7988 (D:\2023\java\greengram4\build\classes\java\main started by Administrator in D:\2023\java\greengram4)[0;39m
[2024-01-09 13:03:02 [32mINFO [0;39m restartedMain] [com.green.greengram4.Greengram4Application] [36mNo active profile set, falling back to 1 default profile: "default"[0;39m
[2024-01-09 13:03:02 [32mINFO [0;39m restartedMain] [org.springframework.boot.devtools.env.DevToolsPropertyDefaultsPostProcessor] [36mDevtools property defaults active! Set 'spring.devtools.add-properties' to 'false' to disable[0;39m
[2024-01-09 13:03:02 [32mINFO [0;39m restartedMain] [org.springframework.boot.devtools.env.DevToolsPropertyDefaultsPostProcessor] [36mFor additional web related logging consider setting the 'logging.level.web' property to 'DEBUG'[0;39m
[2024-01-09 13:03:03 [32mINFO [0;39m restartedMain] [org.springframework.boot.web.embedded.tomcat.TomcatWebServer] [36mTomcat initialized with port 8080 (http)[0;39m
[2024-01-09 13:03:03 [32mINFO [0;39m restartedMain] [org.apache.coyote.http11.Http11NioProtocol] [36mInitializing ProtocolHandler ["http-nio-8080"][0;39m
[2024-01-09 13:03:03 [32mINFO [0;39m restartedMain] [org.apache.catalina.core.StandardService] [36mStarting service [Tomcat][0;39m
[2024-01-09 13:03:03 [32mINFO [0;39m restartedMain] [org.apache.catalina.core.StandardEngine] [36mStarting Servlet engine: [Apache Tomcat/10.1.17][0;39m
[2024-01-09 13:03:03 [32mINFO [0;39m restartedMain] [org.apache.catalina.core.ContainerBase.[Tomcat].[localhost].[/]] [36mInitializing Spring embedded WebApplicationContext[0;39m
[2024-01-09 13:03:03 [32mINFO [0;39m restartedMain] [org.springframework.boot.web.servlet.context.ServletWebServerApplicationContext] [36mRoot WebApplicationContext: initialization completed in 927 ms[0;39m
[2024-01-09 13:03:03 [32mINFO [0;39m restartedMain] [com.green.greengram4.security.JwtTokenProvider] [36msecret : DaeguGreenArtAcademyClass502RoomForJavaSpringBootFighting[0;39m
[2024-01-09 13:03:03 [32mINFO [0;39m restartedMain] [com.green.greengram4.security.JwtTokenProvider] [36mkeyBytes : [13, -89, -96, -72, 106, -34, 122, 112, 43, -76, 7, 26, 117, -23, -78, 10, 86, -84, -77, -99, 54, 70, -118, 38, 22, -118, -55, 106, -10, -110, -90, -72, -89, -128, 26, 40, -76, 88, -96, -122, -40, -89][0;39m
[2024-01-09 13:03:03 [32mINFO [0;39m restartedMain] [com.green.greengram4.common.FirebaseConfiguration] [36mFirebaseApp Initialization Complete !!![0;39m
[2024-01-09 13:03:04 [33mWARN [0;39m restartedMain] [org.springframework.boot.autoconfigure.security.servlet.UserDetailsServiceAutoConfiguration] [36m

Using generated security password: 2107ba33-62a6-4230-83a9-13be3d3132b9

This generated password is for development use only. Your security configuration must be updated before running your application in production.
[0;39m
[2024-01-09 13:03:04 [32mINFO [0;39m restartedMain] [org.springframework.boot.autoconfigure.web.servlet.WelcomePageHandlerMapping] [36mAdding welcome page: class path resource [static/index.html][0;39m
[2024-01-09 13:03:04 [32mINFO [0;39m restartedMain] [org.springframework.security.web.DefaultSecurityFilterChain] [36mWill secure any request with [org.springframework.security.web.session.DisableEncodeUrlFilter@7c71affa, org.springframework.security.web.context.request.async.WebAsyncManagerIntegrationFilter@6c11554b, org.springframework.security.web.context.SecurityContextHolderFilter@1c97406a, org.springframework.security.web.header.HeaderWriterFilter@44aeaece, org.springframework.web.filter.CorsFilter@41d6dc36, org.springframework.security.web.authentication.logout.LogoutFilter@78384850, com.green.greengram4.security.JwtAuthenticationFilter@a986420, org.springframework.security.web.savedrequest.RequestCacheAwareFilter@9bbcadb, org.springframework.security.web.servletapi.SecurityContextHolderAwareRequestFilter@500a6b1d, org.springframework.security.web.authentication.AnonymousAuthenticationFilter@18707ec0, org.springframework.security.web.session.SessionManagementFilter@35d00f9e, org.springframework.security.web.access.ExceptionTranslationFilter@111cc452, org.springframework.security.web.access.intercept.AuthorizationFilter@7add55ba][0;39m
[2024-01-09 13:03:04 [32mINFO [0;39m restartedMain] [org.springframework.boot.devtools.autoconfigure.OptionalLiveReloadServer] [36mLiveReload server is running on port 35729[0;39m
[2024-01-09 13:03:04 [32mINFO [0;39m restartedMain] [org.apache.coyote.http11.Http11NioProtocol] [36mStarting ProtocolHandler ["http-nio-8080"][0;39m
[2024-01-09 13:03:04 [32mINFO [0;39m restartedMain] [org.springframework.boot.web.embedded.tomcat.TomcatWebServer] [36mTomcat started on port 8080 (http) with context path ''[0;39m
[2024-01-09 13:03:04 [32mINFO [0;39m restartedMain] [com.green.greengram4.Greengram4Application] [36mStarted Greengram4Application in 1.994 seconds (process running for 2.398)[0;39m
[2024-01-09 13:03:43 [32mINFO [0;39m http-nio-8080-exec-1] [org.apache.catalina.core.ContainerBase.[Tomcat].[localhost].[/]] [36mInitializing Spring DispatcherServlet 'dispatcherServlet'[0;39m
[2024-01-09 13:03:43 [32mINFO [0;39m http-nio-8080-exec-1] [org.springframework.web.servlet.DispatcherServlet] [36mInitializing Servlet 'dispatcherServlet'[0;39m
[2024-01-09 13:03:43 [32mINFO [0;39m http-nio-8080-exec-1] [org.springframework.web.servlet.DispatcherServlet] [36mCompleted initialization in 1 ms[0;39m
[2024-01-09 13:03:43 [32mINFO [0;39m http-nio-8080-exec-1] [com.green.greengram4.security.JwtAuthenticationFilter] [36mJwtAuthentication-Token: null[0;39m
[2024-01-09 13:03:43 [32mINFO [0;39m http-nio-8080-exec-4] [com.green.greengram4.security.JwtAuthenticationFilter] [36mJwtAuthentication-Token: null[0;39m
[2024-01-09 13:03:43 [32mINFO [0;39m http-nio-8080-exec-7] [com.green.greengram4.security.JwtAuthenticationFilter] [36mJwtAuthentication-Token: null[0;39m
[2024-01-09 13:03:43 [32mINFO [0;39m http-nio-8080-exec-9] [com.green.greengram4.security.JwtAuthenticationFilter] [36mJwtAuthentication-Token: null[0;39m
[2024-01-09 13:03:47 [32mINFO [0;39m http-nio-8080-exec-5] [com.green.greengram4.security.JwtAuthenticationFilter] [36mJwtAuthentication-Token: null[0;39m
[2024-01-09 13:03:47 [32mINFO [0;39m http-nio-8080-exec-6] [com.green.greengram4.security.JwtAuthenticationFilter] [36mJwtAuthentication-Token: null[0;39m
[2024-01-09 13:03:47 [32mINFO [0;39m http-nio-8080-exec-3] [com.green.greengram4.security.JwtAuthenticationFilter] [36mJwtAuthentication-Token: null[0;39m
[2024-01-09 13:03:47 [32mINFO [0;39m http-nio-8080-exec-2] [com.green.greengram4.security.JwtAuthenticationFilter] [36mJwtAuthentication-Token: null[0;39m
[2024-01-09 13:03:47 [32mINFO [0;39m http-nio-8080-exec-10] [com.green.greengram4.security.JwtAuthenticationFilter] [36mJwtAuthentication-Token: null[0;39m
[2024-01-09 13:03:47 [32mINFO [0;39m http-nio-8080-exec-8] [com.green.greengram4.security.JwtAuthenticationFilter] [36mJwtAuthentication-Token: null[0;39m
[2024-01-09 13:03:47 [32mINFO [0;39m http-nio-8080-exec-1] [com.green.greengram4.security.JwtAuthenticationFilter] [36mJwtAuthentication-Token: null[0;39m
[2024-01-09 13:03:47 [32mINFO [0;39m http-nio-8080-exec-7] [com.green.greengram4.security.JwtAuthenticationFilter] [36mJwtAuthentication-Token: null[0;39m
[2024-01-09 13:03:47 [32mINFO [0;39m http-nio-8080-exec-7] [org.springdoc.api.AbstractOpenApiResource] [36mInit duration for springdoc-openapi is: 167 ms[0;39m
[2024-01-09 13:04:06 [32mINFO [0;39m http-nio-8080-exec-9] [com.green.greengram4.security.JwtAuthenticationFilter] [36mJwtAuthentication-Token: null[0;39m
[2024-01-09 13:04:06 [32mINFO [0;39m http-nio-8080-exec-9] [com.green.greengram4.user.UserController] [36mdto: UserSigninDto(uid=bob, upw=1212)[0;39m
[2024-01-09 13:04:06 [32mINFO [0;39m http-nio-8080-exec-9] [com.zaxxer.hikari.HikariDataSource] [36mHikariPool-1 - Starting...[0;39m
[2024-01-09 13:04:06 [32mINFO [0;39m http-nio-8080-exec-9] [com.zaxxer.hikari.pool.HikariPool] [36mHikariPool-1 - Added connection org.mariadb.jdbc.Connection@25d20e58[0;39m
[2024-01-09 13:04:06 [32mINFO [0;39m http-nio-8080-exec-9] [com.zaxxer.hikari.HikariDataSource] [36mHikariPool-1 - Start completed.[0;39m
[2024-01-09 13:04:38 [32mINFO [0;39m SpringApplicationShutdownHook] [com.zaxxer.hikari.HikariDataSource] [36mHikariPool-1 - Shutdown initiated...[0;39m
[2024-01-09 13:04:38 [32mINFO [0;39m SpringApplicationShutdownHook] [com.zaxxer.hikari.HikariDataSource] [36mHikariPool-1 - Shutdown completed.[0;39m
[2024-01-09 13:04:41 [32mINFO [0;39m restartedMain] [com.green.greengram4.Greengram4Application] [36mStarting Greengram4Application using Java 17.0.8.1 with PID 8328 (D:\2023\java\greengram4\build\classes\java\main started by Administrator in D:\2023\java\greengram4)[0;39m
[2024-01-09 13:04:41 [32mINFO [0;39m restartedMain] [com.green.greengram4.Greengram4Application] [36mNo active profile set, falling back to 1 default profile: "default"[0;39m
[2024-01-09 13:04:41 [32mINFO [0;39m restartedMain] [org.springframework.boot.devtools.env.DevToolsPropertyDefaultsPostProcessor] [36mDevtools property defaults active! Set 'spring.devtools.add-properties' to 'false' to disable[0;39m
[2024-01-09 13:04:41 [32mINFO [0;39m restartedMain] [org.springframework.boot.devtools.env.DevToolsPropertyDefaultsPostProcessor] [36mFor additional web related logging consider setting the 'logging.level.web' property to 'DEBUG'[0;39m
[2024-01-09 13:04:41 [32mINFO [0;39m restartedMain] [org.springframework.boot.web.embedded.tomcat.TomcatWebServer] [36mTomcat initialized with port 8080 (http)[0;39m
[2024-01-09 13:04:41 [32mINFO [0;39m restartedMain] [org.apache.coyote.http11.Http11NioProtocol] [36mInitializing ProtocolHandler ["http-nio-8080"][0;39m
[2024-01-09 13:04:41 [32mINFO [0;39m restartedMain] [org.apache.catalina.core.StandardService] [36mStarting service [Tomcat][0;39m
[2024-01-09 13:04:41 [32mINFO [0;39m restartedMain] [org.apache.catalina.core.StandardEngine] [36mStarting Servlet engine: [Apache Tomcat/10.1.17][0;39m
[2024-01-09 13:04:42 [32mINFO [0;39m restartedMain] [org.apache.catalina.core.ContainerBase.[Tomcat].[localhost].[/]] [36mInitializing Spring embedded WebApplicationContext[0;39m
[2024-01-09 13:04:42 [32mINFO [0;39m restartedMain] [org.springframework.boot.web.servlet.context.ServletWebServerApplicationContext] [36mRoot WebApplicationContext: initialization completed in 973 ms[0;39m
[2024-01-09 13:04:42 [32mINFO [0;39m restartedMain] [com.green.greengram4.security.JwtTokenProvider] [36msecret : DaeguGreenArtAcademyClass502RoomForJavaSpringBootFighting[0;39m
[2024-01-09 13:04:42 [32mINFO [0;39m restartedMain] [com.green.greengram4.security.JwtTokenProvider] [36mkeyBytes : [13, -89, -96, -72, 106, -34, 122, 112, 43, -76, 7, 26, 117, -23, -78, 10, 86, -84, -77, -99, 54, 70, -118, 38, 22, -118, -55, 106, -10, -110, -90, -72, -89, -128, 26, 40, -76, 88, -96, -122, -40, -89][0;39m
[2024-01-09 13:04:42 [32mINFO [0;39m restartedMain] [com.green.greengram4.common.FirebaseConfiguration] [36mFirebaseApp Initialization Complete !!![0;39m
[2024-01-09 13:04:42 [33mWARN [0;39m restartedMain] [org.springframework.boot.autoconfigure.security.servlet.UserDetailsServiceAutoConfiguration] [36m

Using generated security password: 15919681-2c9e-4bd4-90c5-bf8fb441b209

This generated password is for development use only. Your security configuration must be updated before running your application in production.
[0;39m
[2024-01-09 13:04:42 [32mINFO [0;39m restartedMain] [org.springframework.boot.autoconfigure.web.servlet.WelcomePageHandlerMapping] [36mAdding welcome page: class path resource [static/index.html][0;39m
[2024-01-09 13:04:42 [32mINFO [0;39m restartedMain] [org.springframework.security.web.DefaultSecurityFilterChain] [36mWill secure any request with [org.springframework.security.web.session.DisableEncodeUrlFilter@6c11554b, org.springframework.security.web.context.request.async.WebAsyncManagerIntegrationFilter@41d6dc36, org.springframework.security.web.context.SecurityContextHolderFilter@298e1099, org.springframework.security.web.header.HeaderWriterFilter@42996dcb, org.springframework.web.filter.CorsFilter@18707ec0, org.springframework.security.web.authentication.logout.LogoutFilter@3019e8ad, com.green.greengram4.security.JwtAuthenticationFilter@ebdbdbf, org.springframework.security.web.savedrequest.RequestCacheAwareFilter@500a6b1d, org.springframework.security.web.servletapi.SecurityContextHolderAwareRequestFilter@7638e566, org.springframework.security.web.authentication.AnonymousAuthenticationFilter@698f1c4b, org.springframework.security.web.session.SessionManagementFilter@248092a9, org.springframework.security.web.access.ExceptionTranslationFilter@a536257, org.springframework.security.web.access.intercept.AuthorizationFilter@5adee691][0;39m
[2024-01-09 13:04:42 [32mINFO [0;39m restartedMain] [org.springframework.boot.devtools.autoconfigure.OptionalLiveReloadServer] [36mLiveReload server is running on port 35729[0;39m
[2024-01-09 13:04:42 [32mINFO [0;39m restartedMain] [org.apache.coyote.http11.Http11NioProtocol] [36mStarting ProtocolHandler ["http-nio-8080"][0;39m
[2024-01-09 13:04:42 [32mINFO [0;39m restartedMain] [org.springframework.boot.web.embedded.tomcat.TomcatWebServer] [36mTomcat started on port 8080 (http) with context path ''[0;39m
[2024-01-09 13:04:42 [32mINFO [0;39m restartedMain] [com.green.greengram4.Greengram4Application] [36mStarted Greengram4Application in 2.15 seconds (process running for 2.606)[0;39m
[2024-01-09 13:04:42 [32mINFO [0;39m http-nio-8080-exec-1] [org.apache.catalina.core.ContainerBase.[Tomcat].[localhost].[/]] [36mInitializing Spring DispatcherServlet 'dispatcherServlet'[0;39m
[2024-01-09 13:04:42 [32mINFO [0;39m http-nio-8080-exec-1] [org.springframework.web.servlet.DispatcherServlet] [36mInitializing Servlet 'dispatcherServlet'[0;39m
[2024-01-09 13:04:42 [32mINFO [0;39m http-nio-8080-exec-1] [org.springframework.web.servlet.DispatcherServlet] [36mCompleted initialization in 1 ms[0;39m
[2024-01-09 13:04:42 [32mINFO [0;39m http-nio-8080-exec-1] [com.green.greengram4.security.JwtAuthenticationFilter] [36mJwtAuthentication-Token: null[0;39m
[2024-01-09 13:04:43 [32mINFO [0;39m http-nio-8080-exec-1] [com.green.greengram4.user.UserController] [36mdto: UserSigninDto(uid=bob, upw=1212)[0;39m
[2024-01-09 13:04:43 [32mINFO [0;39m http-nio-8080-exec-1] [com.zaxxer.hikari.HikariDataSource] [36mHikariPool-1 - Starting...[0;39m
[2024-01-09 13:04:43 [32mINFO [0;39m http-nio-8080-exec-1] [com.zaxxer.hikari.pool.HikariPool] [36mHikariPool-1 - Added connection org.mariadb.jdbc.Connection@6b33faa8[0;39m
[2024-01-09 13:04:43 [32mINFO [0;39m http-nio-8080-exec-1] [com.zaxxer.hikari.HikariDataSource] [36mHikariPool-1 - Start completed.[0;39m
[2024-01-09 13:10:22 [32mINFO [0;39m http-nio-8080-exec-3] [com.green.greengram4.security.JwtAuthenticationFilter] [36mJwtAuthentication-Token: eyJhbGciOiJIUzI1NiJ9.eyJpdXNlciI6IntcIml1c2VyXCI6M30iLCJpYXQiOjE3MDQ3NzMwODMsImV4cCI6MTcwNDc4MDI4M30.wDWfsVFKyvBiU-qQSzBvPBKG3i6JGsYewo0E6p_IWWA[0;39m
[2024-01-09 13:11:03 [32mINFO [0;39m http-nio-8080-exec-2] [com.green.greengram4.security.JwtAuthenticationFilter] [36mJwtAuthentication-Token: eyJhbGciOiJIUzI1NiJ9.eyJpdXNlciI6IntcIml1c2VyXCI6M30iLCJpYXQiOjE3MDQ3NzMwODMsImV4cCI6MTcwNDc4MDI4M30.wDWfsVFKyvBiU-qQSzBvPBKG3i6JGsYewo0E6p_IWWA[0;39m
[2024-01-09 13:11:53 [32mINFO [0;39m http-nio-8080-exec-5] [com.green.greengram4.security.JwtAuthenticationFilter] [36mJwtAuthentication-Token: eyJhbGciOiJIUzI1NiJ9.eyJpdXNlciI6IntcIml1c2VyXCI6M30iLCJpYXQiOjE3MDQ3NzMwODMsImV4cCI6MTcwNDc4MDI4M30.wDWfsVFKyvBiU-qQSzBvPBKG3i6JGsYewo0E6p_IWWA[0;39m
[2024-01-09 13:12:50 [32mINFO [0;39m http-nio-8080-exec-7] [com.green.greengram4.security.JwtAuthenticationFilter] [36mJwtAuthentication-Token: eyJhbGciOiJIUzI1NiJ9.eyJpdXNlciI6IntcIml1c2VyXCI6M30iLCJpYXQiOjE3MDQ3NzMwODMsImV4cCI6MTcwNDc4MDI4M30.wDWfsVFKyvBiU-qQSzBvPBKG3i6JGsYewo0E6p_IWWA[0;39m
[2024-01-09 13:12:52 [32mINFO [0;39m http-nio-8080-exec-8] [com.green.greengram4.security.JwtAuthenticationFilter] [36mJwtAuthentication-Token: eyJhbGciOiJIUzI1NiJ9.eyJpdXNlciI6IntcIml1c2VyXCI6M30iLCJpYXQiOjE3MDQ3NzMwODMsImV4cCI6MTcwNDc4MDI4M30.wDWfsVFKyvBiU-qQSzBvPBKG3i6JGsYewo0E6p_IWWA[0;39m
[2024-01-09 13:13:02 [32mINFO [0;39m http-nio-8080-exec-9] [com.green.greengram4.security.JwtAuthenticationFilter] [36mJwtAuthentication-Token: eyJhbGciOiJIUzI1NiJ9.eyJpdXNlciI6IntcIml1c2VyXCI6M30iLCJpYXQiOjE3MDQ3NzMwODMsImV4cCI6MTcwNDc4MDI4M30.wDWfsVFKyvBiU-qQSzBvPBKG3i6JGsYewo0E6p_IWWA[0;39m
[2024-01-09 13:15:12 [32mINFO [0;39m SpringApplicationShutdownHook] [com.zaxxer.hikari.HikariDataSource] [36mHikariPool-1 - Shutdown initiated...[0;39m
[2024-01-09 13:15:12 [32mINFO [0;39m SpringApplicationShutdownHook] [com.zaxxer.hikari.HikariDataSource] [36mHikariPool-1 - Shutdown completed.[0;39m
[2024-01-09 13:15:15 [32mINFO [0;39m restartedMain] [com.green.greengram4.Greengram4Application] [36mStarting Greengram4Application using Java 17.0.8.1 with PID 952 (D:\2023\java\greengram4\build\classes\java\main started by Administrator in D:\2023\java\greengram4)[0;39m
[2024-01-09 13:15:15 [32mINFO [0;39m restartedMain] [com.green.greengram4.Greengram4Application] [36mNo active profile set, falling back to 1 default profile: "default"[0;39m
[2024-01-09 13:15:15 [32mINFO [0;39m restartedMain] [org.springframework.boot.devtools.env.DevToolsPropertyDefaultsPostProcessor] [36mDevtools property defaults active! Set 'spring.devtools.add-properties' to 'false' to disable[0;39m
[2024-01-09 13:15:15 [32mINFO [0;39m restartedMain] [org.springframework.boot.devtools.env.DevToolsPropertyDefaultsPostProcessor] [36mFor additional web related logging consider setting the 'logging.level.web' property to 'DEBUG'[0;39m
[2024-01-09 13:15:16 [32mINFO [0;39m restartedMain] [org.springframework.boot.web.embedded.tomcat.TomcatWebServer] [36mTomcat initialized with port 8080 (http)[0;39m
[2024-01-09 13:15:16 [32mINFO [0;39m restartedMain] [org.apache.coyote.http11.Http11NioProtocol] [36mInitializing ProtocolHandler ["http-nio-8080"][0;39m
[2024-01-09 13:15:16 [32mINFO [0;39m restartedMain] [org.apache.catalina.core.StandardService] [36mStarting service [Tomcat][0;39m
[2024-01-09 13:15:16 [32mINFO [0;39m restartedMain] [org.apache.catalina.core.StandardEngine] [36mStarting Servlet engine: [Apache Tomcat/10.1.17][0;39m
[2024-01-09 13:15:16 [32mINFO [0;39m restartedMain] [org.apache.catalina.core.ContainerBase.[Tomcat].[localhost].[/]] [36mInitializing Spring embedded WebApplicationContext[0;39m
[2024-01-09 13:15:16 [32mINFO [0;39m restartedMain] [org.springframework.boot.web.servlet.context.ServletWebServerApplicationContext] [36mRoot WebApplicationContext: initialization completed in 995 ms[0;39m
[2024-01-09 13:15:16 [32mINFO [0;39m restartedMain] [com.green.greengram4.security.JwtTokenProvider] [36msecret : DaeguGreenArtAcademyClass502RoomForJavaSpringBootFighting[0;39m
[2024-01-09 13:15:16 [32mINFO [0;39m restartedMain] [com.green.greengram4.security.JwtTokenProvider] [36mkeyBytes : [13, -89, -96, -72, 106, -34, 122, 112, 43, -76, 7, 26, 117, -23, -78, 10, 86, -84, -77, -99, 54, 70, -118, 38, 22, -118, -55, 106, -10, -110, -90, -72, -89, -128, 26, 40, -76, 88, -96, -122, -40, -89][0;39m
[2024-01-09 13:15:16 [32mINFO [0;39m restartedMain] [com.green.greengram4.common.FirebaseConfiguration] [36mFirebaseApp Initialization Complete !!![0;39m
[2024-01-09 13:15:16 [33mWARN [0;39m restartedMain] [org.springframework.boot.autoconfigure.security.servlet.UserDetailsServiceAutoConfiguration] [36m

Using generated security password: 9dc892c2-b37d-4b79-aed7-d56253af523c

This generated password is for development use only. Your security configuration must be updated before running your application in production.
[0;39m
[2024-01-09 13:15:16 [32mINFO [0;39m restartedMain] [org.springframework.boot.autoconfigure.web.servlet.WelcomePageHandlerMapping] [36mAdding welcome page: class path resource [static/index.html][0;39m
[2024-01-09 13:15:16 [32mINFO [0;39m restartedMain] [org.springframework.security.web.DefaultSecurityFilterChain] [36mWill secure any request with [org.springframework.security.web.session.DisableEncodeUrlFilter@203ff29b, org.springframework.security.web.context.request.async.WebAsyncManagerIntegrationFilter@8102883, org.springframework.security.web.context.SecurityContextHolderFilter@4a01f27e, org.springframework.security.web.header.HeaderWriterFilter@1a3de3a0, org.springframework.web.filter.CorsFilter@1da2c086, org.springframework.security.web.authentication.logout.LogoutFilter@44888d19, com.green.greengram4.security.JwtAuthenticationFilter@36bd5a1f, org.springframework.security.web.savedrequest.RequestCacheAwareFilter@11fcce7f, org.springframework.security.web.servletapi.SecurityContextHolderAwareRequestFilter@550f62b1, org.springframework.security.web.authentication.AnonymousAuthenticationFilter@468e0e8b, org.springframework.security.web.session.SessionManagementFilter@3a1fd2c4, org.springframework.security.web.access.ExceptionTranslationFilter@7b571126, org.springframework.security.web.access.intercept.AuthorizationFilter@63c979d6][0;39m
[2024-01-09 13:15:17 [32mINFO [0;39m restartedMain] [org.springframework.boot.devtools.autoconfigure.OptionalLiveReloadServer] [36mLiveReload server is running on port 35729[0;39m
[2024-01-09 13:15:17 [32mINFO [0;39m restartedMain] [org.apache.coyote.http11.Http11NioProtocol] [36mStarting ProtocolHandler ["http-nio-8080"][0;39m
[2024-01-09 13:15:17 [32mINFO [0;39m restartedMain] [org.springframework.boot.web.embedded.tomcat.TomcatWebServer] [36mTomcat started on port 8080 (http) with context path ''[0;39m
[2024-01-09 13:15:17 [32mINFO [0;39m restartedMain] [com.green.greengram4.Greengram4Application] [36mStarted Greengram4Application in 2.316 seconds (process running for 3.097)[0;39m
[2024-01-09 13:15:17 [32mINFO [0;39m http-nio-8080-exec-1] [org.apache.catalina.core.ContainerBase.[Tomcat].[localhost].[/]] [36mInitializing Spring DispatcherServlet 'dispatcherServlet'[0;39m
[2024-01-09 13:15:17 [32mINFO [0;39m http-nio-8080-exec-1] [org.springframework.web.servlet.DispatcherServlet] [36mInitializing Servlet 'dispatcherServlet'[0;39m
[2024-01-09 13:15:17 [32mINFO [0;39m http-nio-8080-exec-1] [org.springframework.web.servlet.DispatcherServlet] [36mCompleted initialization in 1 ms[0;39m
[2024-01-09 13:15:17 [32mINFO [0;39m http-nio-8080-exec-1] [com.green.greengram4.security.JwtAuthenticationFilter] [36mJwtAuthentication-Token: eyJhbGciOiJIUzI1NiJ9.eyJpdXNlciI6IntcIml1c2VyXCI6M30iLCJpYXQiOjE3MDQ3NzMwODMsImV4cCI6MTcwNDc4MDI4M30.wDWfsVFKyvBiU-qQSzBvPBKG3i6JGsYewo0E6p_IWWA[0;39m
[2024-01-09 13:17:23 [32mINFO [0;39m restartedMain] [com.green.greengram4.Greengram4Application] [36mStarting Greengram4Application using Java 17.0.8.1 with PID 4128 (D:\2023\java\greengram4\build\classes\java\main started by Administrator in D:\2023\java\greengram4)[0;39m
[2024-01-09 13:17:23 [32mINFO [0;39m restartedMain] [com.green.greengram4.Greengram4Application] [36mNo active profile set, falling back to 1 default profile: "default"[0;39m
[2024-01-09 13:17:23 [32mINFO [0;39m restartedMain] [org.springframework.boot.devtools.env.DevToolsPropertyDefaultsPostProcessor] [36mDevtools property defaults active! Set 'spring.devtools.add-properties' to 'false' to disable[0;39m
[2024-01-09 13:17:23 [32mINFO [0;39m restartedMain] [org.springframework.boot.devtools.env.DevToolsPropertyDefaultsPostProcessor] [36mFor additional web related logging consider setting the 'logging.level.web' property to 'DEBUG'[0;39m
[2024-01-09 13:17:24 [32mINFO [0;39m restartedMain] [org.springframework.boot.web.embedded.tomcat.TomcatWebServer] [36mTomcat initialized with port 8080 (http)[0;39m
[2024-01-09 13:17:24 [32mINFO [0;39m restartedMain] [org.apache.coyote.http11.Http11NioProtocol] [36mInitializing ProtocolHandler ["http-nio-8080"][0;39m
[2024-01-09 13:17:24 [32mINFO [0;39m restartedMain] [org.apache.catalina.core.StandardService] [36mStarting service [Tomcat][0;39m
[2024-01-09 13:17:24 [32mINFO [0;39m restartedMain] [org.apache.catalina.core.StandardEngine] [36mStarting Servlet engine: [Apache Tomcat/10.1.17][0;39m
[2024-01-09 13:17:24 [32mINFO [0;39m restartedMain] [org.apache.catalina.core.ContainerBase.[Tomcat].[localhost].[/]] [36mInitializing Spring embedded WebApplicationContext[0;39m
[2024-01-09 13:17:24 [32mINFO [0;39m restartedMain] [org.springframework.boot.web.servlet.context.ServletWebServerApplicationContext] [36mRoot WebApplicationContext: initialization completed in 941 ms[0;39m
[2024-01-09 13:17:24 [32mINFO [0;39m restartedMain] [com.green.greengram4.security.JwtTokenProvider] [36msecret : DaeguGreenArtAcademyClass502RoomForJavaSpringBootFighting[0;39m
[2024-01-09 13:17:24 [32mINFO [0;39m restartedMain] [com.green.greengram4.security.JwtTokenProvider] [36mkeyBytes : [13, -89, -96, -72, 106, -34, 122, 112, 43, -76, 7, 26, 117, -23, -78, 10, 86, -84, -77, -99, 54, 70, -118, 38, 22, -118, -55, 106, -10, -110, -90, -72, -89, -128, 26, 40, -76, 88, -96, -122, -40, -89][0;39m
[2024-01-09 13:17:24 [32mINFO [0;39m restartedMain] [com.green.greengram4.common.FirebaseConfiguration] [36mFirebaseApp Initialization Complete !!![0;39m
[2024-01-09 13:17:24 [33mWARN [0;39m restartedMain] [org.springframework.boot.autoconfigure.security.servlet.UserDetailsServiceAutoConfiguration] [36m

Using generated security password: d0ae0327-7f7b-432e-b404-c3d0bc89ff5c

This generated password is for development use only. Your security configuration must be updated before running your application in production.
[0;39m
[2024-01-09 13:17:24 [32mINFO [0;39m restartedMain] [org.springframework.boot.autoconfigure.web.servlet.WelcomePageHandlerMapping] [36mAdding welcome page: class path resource [static/index.html][0;39m
[2024-01-09 13:17:25 [32mINFO [0;39m restartedMain] [org.springframework.security.web.DefaultSecurityFilterChain] [36mWill secure any request with [org.springframework.security.web.session.DisableEncodeUrlFilter@6d3a9e17, org.springframework.security.web.context.request.async.WebAsyncManagerIntegrationFilter@6f66e682, org.springframework.security.web.context.SecurityContextHolderFilter@3366bafa, org.springframework.security.web.header.HeaderWriterFilter@61c2cc25, org.springframework.web.filter.CorsFilter@439c77ff, org.springframework.security.web.authentication.logout.LogoutFilter@63b90c21, com.green.greengram4.security.JwtAuthenticationFilter@76e78bc9, org.springframework.security.web.savedrequest.RequestCacheAwareFilter@a536257, org.springframework.security.web.servletapi.SecurityContextHolderAwareRequestFilter@44aeaece, org.springframework.security.web.authentication.AnonymousAuthenticationFilter@1b241ac1, org.springframework.security.web.session.SessionManagementFilter@5edf90f4, org.springframework.security.web.access.ExceptionTranslationFilter@33fde8f6, org.springframework.security.web.access.intercept.AuthorizationFilter@1542f389][0;39m
[2024-01-09 13:17:25 [32mINFO [0;39m restartedMain] [org.springframework.boot.devtools.autoconfigure.OptionalLiveReloadServer] [36mLiveReload server is running on port 35729[0;39m
[2024-01-09 13:17:25 [32mINFO [0;39m restartedMain] [org.apache.coyote.http11.Http11NioProtocol] [36mStarting ProtocolHandler ["http-nio-8080"][0;39m
[2024-01-09 13:17:25 [32mINFO [0;39m restartedMain] [org.springframework.boot.web.embedded.tomcat.TomcatWebServer] [36mTomcat started on port 8080 (http) with context path ''[0;39m
[2024-01-09 13:17:25 [32mINFO [0;39m restartedMain] [com.green.greengram4.Greengram4Application] [36mStarted Greengram4Application in 2.283 seconds (process running for 2.698)[0;39m
[2024-01-09 13:17:25 [32mINFO [0;39m http-nio-8080-exec-1] [org.apache.catalina.core.ContainerBase.[Tomcat].[localhost].[/]] [36mInitializing Spring DispatcherServlet 'dispatcherServlet'[0;39m
[2024-01-09 13:17:25 [32mINFO [0;39m http-nio-8080-exec-1] [org.springframework.web.servlet.DispatcherServlet] [36mInitializing Servlet 'dispatcherServlet'[0;39m
[2024-01-09 13:17:25 [32mINFO [0;39m http-nio-8080-exec-1] [org.springframework.web.servlet.DispatcherServlet] [36mCompleted initialization in 1 ms[0;39m
[2024-01-09 13:17:25 [32mINFO [0;39m http-nio-8080-exec-1] [com.green.greengram4.security.JwtAuthenticationFilter] [36mJwtAuthentication-Token: eyJhbGciOiJIUzI1NiJ9.eyJpdXNlciI6IntcIml1c2VyXCI6M30iLCJpYXQiOjE3MDQ3NzMwODMsImV4cCI6MTcwNDc4MDI4M30.wDWfsVFKyvBiU-qQSzBvPBKG3i6JGsYewo0E6p_IWWA[0;39m
[2024-01-09 13:20:52 [32mINFO [0;39m File Watcher] [org.springframework.boot.devtools.autoconfigure.LocalDevToolsAutoConfiguration$RestartingClassPathChangeChangedEventListener] [36mRestarting due to 2 class path changes (0 additions, 0 deletions, 2 modifications)[0;39m
[2024-01-09 13:20:52 [32mINFO [0;39m Thread-5] [org.apache.coyote.http11.Http11NioProtocol] [36mStopping ProtocolHandler ["http-nio-8080"][0;39m
[2024-01-09 13:20:52 [32mINFO [0;39m restartedMain] [com.green.greengram4.Greengram4Application] [36mStarting Greengram4Application using Java 17.0.8.1 with PID 4128 (D:\2023\java\greengram4\build\classes\java\main started by Administrator in D:\2023\java\greengram4)[0;39m
[2024-01-09 13:20:52 [32mINFO [0;39m restartedMain] [com.green.greengram4.Greengram4Application] [36mNo active profile set, falling back to 1 default profile: "default"[0;39m
[2024-01-09 13:20:52 [32mINFO [0;39m restartedMain] [org.springframework.boot.web.embedded.tomcat.TomcatWebServer] [36mTomcat initialized with port 8080 (http)[0;39m
[2024-01-09 13:20:52 [32mINFO [0;39m restartedMain] [org.apache.coyote.http11.Http11NioProtocol] [36mInitializing ProtocolHandler ["http-nio-8080"][0;39m
[2024-01-09 13:20:52 [32mINFO [0;39m restartedMain] [org.apache.catalina.core.StandardService] [36mStarting service [Tomcat][0;39m
[2024-01-09 13:20:52 [32mINFO [0;39m restartedMain] [org.apache.catalina.core.StandardEngine] [36mStarting Servlet engine: [Apache Tomcat/10.1.17][0;39m
[2024-01-09 13:20:52 [32mINFO [0;39m restartedMain] [org.apache.catalina.core.ContainerBase.[Tomcat].[localhost].[/]] [36mInitializing Spring embedded WebApplicationContext[0;39m
[2024-01-09 13:20:52 [32mINFO [0;39m restartedMain] [org.springframework.boot.web.servlet.context.ServletWebServerApplicationContext] [36mRoot WebApplicationContext: initialization completed in 232 ms[0;39m
[2024-01-09 13:20:52 [32mINFO [0;39m restartedMain] [com.green.greengram4.security.JwtTokenProvider] [36msecret : DaeguGreenArtAcademyClass502RoomForJavaSpringBootFighting[0;39m
[2024-01-09 13:20:52 [32mINFO [0;39m restartedMain] [com.green.greengram4.security.JwtTokenProvider] [36mkeyBytes : [13, -89, -96, -72, 106, -34, 122, 112, 43, -76, 7, 26, 117, -23, -78, 10, 86, -84, -77, -99, 54, 70, -118, 38, 22, -118, -55, 106, -10, -110, -90, -72, -89, -128, 26, 40, -76, 88, -96, -122, -40, -89][0;39m
[2024-01-09 13:20:52 [33mWARN [0;39m restartedMain] [org.springframework.boot.autoconfigure.security.servlet.UserDetailsServiceAutoConfiguration] [36m

Using generated security password: 715cd507-0bbe-427d-a9b2-2643c4ad58c2

This generated password is for development use only. Your security configuration must be updated before running your application in production.
[0;39m
[2024-01-09 13:20:52 [32mINFO [0;39m restartedMain] [org.springframework.boot.autoconfigure.web.servlet.WelcomePageHandlerMapping] [36mAdding welcome page: class path resource [static/index.html][0;39m
[2024-01-09 13:20:52 [32mINFO [0;39m restartedMain] [org.springframework.security.web.DefaultSecurityFilterChain] [36mWill secure any request with [org.springframework.security.web.session.DisableEncodeUrlFilter@59783935, org.springframework.security.web.context.request.async.WebAsyncManagerIntegrationFilter@4ff99733, org.springframework.security.web.context.SecurityContextHolderFilter@40dc357, org.springframework.security.web.header.HeaderWriterFilter@6613c91c, org.springframework.web.filter.CorsFilter@17914c90, org.springframework.security.web.authentication.logout.LogoutFilter@2d477a0b, com.green.greengram4.security.JwtAuthenticationFilter@1416fa7a, org.springframework.security.web.savedrequest.RequestCacheAwareFilter@35cd9ecb, org.springframework.security.web.servletapi.SecurityContextHolderAwareRequestFilter@4d6eea47, org.springframework.security.web.authentication.AnonymousAuthenticationFilter@42f27247, org.springframework.security.web.session.SessionManagementFilter@3d86eb19, org.springframework.security.web.access.ExceptionTranslationFilter@30d03421, org.springframework.security.web.access.intercept.AuthorizationFilter@4ea362bf][0;39m
[2024-01-09 13:20:52 [32mINFO [0;39m restartedMain] [org.springframework.boot.devtools.autoconfigure.OptionalLiveReloadServer] [36mLiveReload server is running on port 35729[0;39m
[2024-01-09 13:20:52 [32mINFO [0;39m restartedMain] [org.apache.coyote.http11.Http11NioProtocol] [36mStarting ProtocolHandler ["http-nio-8080"][0;39m
[2024-01-09 13:20:52 [32mINFO [0;39m restartedMain] [org.springframework.boot.web.embedded.tomcat.TomcatWebServer] [36mTomcat started on port 8080 (http) with context path ''[0;39m
[2024-01-09 13:20:52 [32mINFO [0;39m restartedMain] [com.green.greengram4.Greengram4Application] [36mStarted Greengram4Application in 0.411 seconds (process running for 210.274)[0;39m
[2024-01-09 13:20:52 [32mINFO [0;39m restartedMain] [org.springframework.boot.devtools.autoconfigure.ConditionEvaluationDeltaLoggingListener] [36mCondition evaluation unchanged[0;39m
