[2024-01-10 10:07:19 [32mINFO [0;39m restartedMain] [com.green.greengram4.Greengram4Application] [36mStarting Greengram4Application using Java 17.0.8.1 with PID 10820 (D:\2023\java\greengram4\build\classes\java\main started by Administrator in D:\2023\java\greengram4)[0;39m
[2024-01-10 10:07:19 [32mINFO [0;39m restartedMain] [com.green.greengram4.Greengram4Application] [36mNo active profile set, falling back to 1 default profile: "default"[0;39m
[2024-01-10 10:07:19 [32mINFO [0;39m restartedMain] [org.springframework.boot.devtools.env.DevToolsPropertyDefaultsPostProcessor] [36mDevtools property defaults active! Set 'spring.devtools.add-properties' to 'false' to disable[0;39m
[2024-01-10 10:07:19 [32mINFO [0;39m restartedMain] [org.springframework.boot.devtools.env.DevToolsPropertyDefaultsPostProcessor] [36mFor additional web related logging consider setting the 'logging.level.web' property to 'DEBUG'[0;39m
[2024-01-10 10:07:21 [32mINFO [0;39m restartedMain] [org.springframework.boot.web.embedded.tomcat.TomcatWebServer] [36mTomcat initialized with port 8080 (http)[0;39m
[2024-01-10 10:07:21 [32mINFO [0;39m restartedMain] [org.apache.coyote.http11.Http11NioProtocol] [36mInitializing ProtocolHandler ["http-nio-8080"][0;39m
[2024-01-10 10:07:21 [32mINFO [0;39m restartedMain] [org.apache.catalina.core.StandardService] [36mStarting service [Tomcat][0;39m
[2024-01-10 10:07:21 [32mINFO [0;39m restartedMain] [org.apache.catalina.core.StandardEngine] [36mStarting Servlet engine: [Apache Tomcat/10.1.17][0;39m
[2024-01-10 10:07:21 [32mINFO [0;39m restartedMain] [org.apache.catalina.core.ContainerBase.[Tomcat].[localhost].[/]] [36mInitializing Spring embedded WebApplicationContext[0;39m
[2024-01-10 10:07:21 [32mINFO [0;39m restartedMain] [org.springframework.boot.web.servlet.context.ServletWebServerApplicationContext] [36mRoot WebApplicationContext: initialization completed in 1601 ms[0;39m
[2024-01-10 10:07:21 [32mINFO [0;39m restartedMain] [com.green.greengram4.security.JwtTokenProvider] [36msecret : DaeguGreenArtAcademyClass502RoomForJavaSpringBootFighting[0;39m
[2024-01-10 10:07:21 [32mINFO [0;39m restartedMain] [com.green.greengram4.security.JwtTokenProvider] [36mkeyBytes : [13, -89, -96, -72, 106, -34, 122, 112, 43, -76, 7, 26, 117, -23, -78, 10, 86, -84, -77, -99, 54, 70, -118, 38, 22, -118, -55, 106, -10, -110, -90, -72, -89, -128, 26, 40, -76, 88, -96, -122, -40, -89][0;39m
[2024-01-10 10:07:21 [32mINFO [0;39m restartedMain] [com.green.greengram4.common.FirebaseConfiguration] [36mFirebaseApp Initialization Complete !!![0;39m
[2024-01-10 10:07:22 [33mWARN [0;39m restartedMain] [org.springframework.boot.autoconfigure.security.servlet.UserDetailsServiceAutoConfiguration] [36m

Using generated security password: 2bed0422-b3ce-48cf-8b8c-0503503a72e7

This generated password is for development use only. Your security configuration must be updated before running your application in production.
[0;39m
[2024-01-10 10:07:22 [32mINFO [0;39m restartedMain] [org.springframework.boot.autoconfigure.web.servlet.WelcomePageHandlerMapping] [36mAdding welcome page: class path resource [static/index.html][0;39m
[2024-01-10 10:07:22 [32mINFO [0;39m restartedMain] [org.springframework.security.web.DefaultSecurityFilterChain] [36mWill secure any request with [org.springframework.security.web.session.DisableEncodeUrlFilter@6404c5a8, org.springframework.security.web.context.request.async.WebAsyncManagerIntegrationFilter@170ae6e0, org.springframework.security.web.context.SecurityContextHolderFilter@54618551, org.springframework.security.web.header.HeaderWriterFilter@707c2d7f, org.springframework.web.filter.CorsFilter@6c2a214f, org.springframework.security.web.authentication.logout.LogoutFilter@2e762a79, com.green.greengram4.security.JwtAuthenticationFilter@3552ed9d, org.springframework.security.web.savedrequest.RequestCacheAwareFilter@53d518d1, org.springframework.security.web.servletapi.SecurityContextHolderAwareRequestFilter@6a16b074, org.springframework.security.web.authentication.AnonymousAuthenticationFilter@2c3a5e07, org.springframework.security.web.session.SessionManagementFilter@7a3c0d8, org.springframework.security.web.access.ExceptionTranslationFilter@19bb568b, org.springframework.security.web.access.intercept.AuthorizationFilter@1f6d920a][0;39m
[2024-01-10 10:07:22 [32mINFO [0;39m restartedMain] [org.springframework.boot.devtools.autoconfigure.OptionalLiveReloadServer] [36mLiveReload server is running on port 35729[0;39m
[2024-01-10 10:07:22 [32mINFO [0;39m restartedMain] [org.apache.coyote.http11.Http11NioProtocol] [36mStarting ProtocolHandler ["http-nio-8080"][0;39m
[2024-01-10 10:07:22 [32mINFO [0;39m restartedMain] [org.springframework.boot.web.embedded.tomcat.TomcatWebServer] [36mTomcat started on port 8080 (http) with context path ''[0;39m
[2024-01-10 10:07:22 [32mINFO [0;39m restartedMain] [com.green.greengram4.Greengram4Application] [36mStarted Greengram4Application in 3.405 seconds (process running for 4.053)[0;39m
[2024-01-10 10:07:23 [32mINFO [0;39m restartedMain] [com.green.greengram4.Greengram4Application] [36mStarting Greengram4Application using Java 17.0.8.1 with PID 5252 (D:\2023\java\greengram4\build\classes\java\main started by Administrator in D:\2023\java\greengram4)[0;39m
[2024-01-10 10:07:23 [32mINFO [0;39m restartedMain] [com.green.greengram4.Greengram4Application] [36mNo active profile set, falling back to 1 default profile: "default"[0;39m
[2024-01-10 10:07:23 [32mINFO [0;39m restartedMain] [org.springframework.boot.devtools.env.DevToolsPropertyDefaultsPostProcessor] [36mDevtools property defaults active! Set 'spring.devtools.add-properties' to 'false' to disable[0;39m
[2024-01-10 10:07:23 [32mINFO [0;39m restartedMain] [org.springframework.boot.devtools.env.DevToolsPropertyDefaultsPostProcessor] [36mFor additional web related logging consider setting the 'logging.level.web' property to 'DEBUG'[0;39m
[2024-01-10 10:07:24 [32mINFO [0;39m restartedMain] [org.springframework.boot.web.embedded.tomcat.TomcatWebServer] [36mTomcat initialized with port 8080 (http)[0;39m
[2024-01-10 10:07:24 [32mINFO [0;39m restartedMain] [org.apache.coyote.http11.Http11NioProtocol] [36mInitializing ProtocolHandler ["http-nio-8080"][0;39m
[2024-01-10 10:07:24 [32mINFO [0;39m restartedMain] [org.apache.catalina.core.StandardService] [36mStarting service [Tomcat][0;39m
[2024-01-10 10:07:24 [32mINFO [0;39m restartedMain] [org.apache.catalina.core.StandardEngine] [36mStarting Servlet engine: [Apache Tomcat/10.1.17][0;39m
[2024-01-10 10:07:24 [32mINFO [0;39m restartedMain] [org.apache.catalina.core.ContainerBase.[Tomcat].[localhost].[/]] [36mInitializing Spring embedded WebApplicationContext[0;39m
[2024-01-10 10:07:24 [32mINFO [0;39m restartedMain] [org.springframework.boot.web.servlet.context.ServletWebServerApplicationContext] [36mRoot WebApplicationContext: initialization completed in 1045 ms[0;39m
[2024-01-10 10:07:24 [32mINFO [0;39m restartedMain] [com.green.greengram4.security.JwtTokenProvider] [36msecret : DaeguGreenArtAcademyClass502RoomForJavaSpringBootFighting[0;39m
[2024-01-10 10:07:24 [32mINFO [0;39m restartedMain] [com.green.greengram4.security.JwtTokenProvider] [36mkeyBytes : [13, -89, -96, -72, 106, -34, 122, 112, 43, -76, 7, 26, 117, -23, -78, 10, 86, -84, -77, -99, 54, 70, -118, 38, 22, -118, -55, 106, -10, -110, -90, -72, -89, -128, 26, 40, -76, 88, -96, -122, -40, -89][0;39m
[2024-01-10 10:07:24 [32mINFO [0;39m restartedMain] [com.green.greengram4.common.FirebaseConfiguration] [36mFirebaseApp Initialization Complete !!![0;39m
[2024-01-10 10:07:24 [33mWARN [0;39m restartedMain] [org.springframework.boot.autoconfigure.security.servlet.UserDetailsServiceAutoConfiguration] [36m

Using generated security password: e881437c-2735-4599-bab2-19150bdf9c40

This generated password is for development use only. Your security configuration must be updated before running your application in production.
[0;39m
[2024-01-10 10:07:24 [32mINFO [0;39m restartedMain] [org.springframework.boot.autoconfigure.web.servlet.WelcomePageHandlerMapping] [36mAdding welcome page: class path resource [static/index.html][0;39m
[2024-01-10 10:07:24 [32mINFO [0;39m restartedMain] [org.springframework.security.web.DefaultSecurityFilterChain] [36mWill secure any request with [org.springframework.security.web.session.DisableEncodeUrlFilter@33d7f99, org.springframework.security.web.context.request.async.WebAsyncManagerIntegrationFilter@61bc02a5, org.springframework.security.web.context.SecurityContextHolderFilter@59aafc47, org.springframework.security.web.header.HeaderWriterFilter@45305b10, org.springframework.web.filter.CorsFilter@1044f4f4, org.springframework.security.web.authentication.logout.LogoutFilter@70a1f688, com.green.greengram4.security.JwtAuthenticationFilter@2b732d4c, org.springframework.security.web.savedrequest.RequestCacheAwareFilter@7d3f66c0, org.springframework.security.web.servletapi.SecurityContextHolderAwareRequestFilter@7e5a109d, org.springframework.security.web.authentication.AnonymousAuthenticationFilter@4e49c737, org.springframework.security.web.session.SessionManagementFilter@443a591, org.springframework.security.web.access.ExceptionTranslationFilter@514a0357, org.springframework.security.web.access.intercept.AuthorizationFilter@6bd13645][0;39m
[2024-01-10 10:07:25 [33mWARN [0;39m restartedMain] [org.springframework.boot.devtools.autoconfigure.OptionalLiveReloadServer] [36mUnable to start LiveReload server[0;39m
[2024-01-10 10:07:25 [32mINFO [0;39m restartedMain] [org.apache.coyote.http11.Http11NioProtocol] [36mStarting ProtocolHandler ["http-nio-8080"][0;39m
[2024-01-10 10:07:25 [33mWARN [0;39m restartedMain] [org.springframework.boot.web.servlet.context.AnnotationConfigServletWebServerApplicationContext] [36mException encountered during context initialization - cancelling refresh attempt: org.springframework.context.ApplicationContextException: Failed to start bean 'webServerStartStop'[0;39m
[2024-01-10 10:07:25 [32mINFO [0;39m restartedMain] [org.springframework.boot.autoconfigure.logging.ConditionEvaluationReportLogger] [36m

Error starting ApplicationContext. To display the condition evaluation report re-run your application with 'debug' enabled.[0;39m
[2024-01-10 10:07:25 [31mERROR[0;39m restartedMain] [org.springframework.boot.diagnostics.LoggingFailureAnalysisReporter] [36m

***************************
APPLICATION FAILED TO START
***************************

Description:

Web server failed to start. Port 8080 was already in use.

Action:

Identify and stop the process that's listening on port 8080 or configure this application to listen on another port.
[0;39m
[2024-01-10 10:07:28 [32mINFO [0;39m restartedMain] [com.green.greengram4.Greengram4Application] [36mStarting Greengram4Application using Java 17.0.8.1 with PID 4308 (D:\2023\java\greengram4\build\classes\java\main started by Administrator in D:\2023\java\greengram4)[0;39m
[2024-01-10 10:07:28 [32mINFO [0;39m restartedMain] [com.green.greengram4.Greengram4Application] [36mNo active profile set, falling back to 1 default profile: "default"[0;39m
[2024-01-10 10:07:28 [32mINFO [0;39m restartedMain] [org.springframework.boot.devtools.env.DevToolsPropertyDefaultsPostProcessor] [36mDevtools property defaults active! Set 'spring.devtools.add-properties' to 'false' to disable[0;39m
[2024-01-10 10:07:28 [32mINFO [0;39m restartedMain] [org.springframework.boot.devtools.env.DevToolsPropertyDefaultsPostProcessor] [36mFor additional web related logging consider setting the 'logging.level.web' property to 'DEBUG'[0;39m
[2024-01-10 10:07:29 [32mINFO [0;39m restartedMain] [org.springframework.boot.web.embedded.tomcat.TomcatWebServer] [36mTomcat initialized with port 8080 (http)[0;39m
[2024-01-10 10:07:29 [32mINFO [0;39m restartedMain] [org.apache.coyote.http11.Http11NioProtocol] [36mInitializing ProtocolHandler ["http-nio-8080"][0;39m
[2024-01-10 10:07:29 [32mINFO [0;39m restartedMain] [org.apache.catalina.core.StandardService] [36mStarting service [Tomcat][0;39m
[2024-01-10 10:07:29 [32mINFO [0;39m restartedMain] [org.apache.catalina.core.StandardEngine] [36mStarting Servlet engine: [Apache Tomcat/10.1.17][0;39m
[2024-01-10 10:07:29 [32mINFO [0;39m restartedMain] [org.apache.catalina.core.ContainerBase.[Tomcat].[localhost].[/]] [36mInitializing Spring embedded WebApplicationContext[0;39m
[2024-01-10 10:07:29 [32mINFO [0;39m restartedMain] [org.springframework.boot.web.servlet.context.ServletWebServerApplicationContext] [36mRoot WebApplicationContext: initialization completed in 995 ms[0;39m
[2024-01-10 10:07:29 [32mINFO [0;39m restartedMain] [com.green.greengram4.security.JwtTokenProvider] [36msecret : DaeguGreenArtAcademyClass502RoomForJavaSpringBootFighting[0;39m
[2024-01-10 10:07:29 [32mINFO [0;39m restartedMain] [com.green.greengram4.security.JwtTokenProvider] [36mkeyBytes : [13, -89, -96, -72, 106, -34, 122, 112, 43, -76, 7, 26, 117, -23, -78, 10, 86, -84, -77, -99, 54, 70, -118, 38, 22, -118, -55, 106, -10, -110, -90, -72, -89, -128, 26, 40, -76, 88, -96, -122, -40, -89][0;39m
[2024-01-10 10:07:29 [32mINFO [0;39m restartedMain] [com.green.greengram4.common.FirebaseConfiguration] [36mFirebaseApp Initialization Complete !!![0;39m
[2024-01-10 10:07:30 [33mWARN [0;39m restartedMain] [org.springframework.boot.autoconfigure.security.servlet.UserDetailsServiceAutoConfiguration] [36m

Using generated security password: 86a689f8-8ec4-4a70-bb3d-9e5c0339df64

This generated password is for development use only. Your security configuration must be updated before running your application in production.
[0;39m
[2024-01-10 10:07:30 [32mINFO [0;39m restartedMain] [org.springframework.boot.autoconfigure.web.servlet.WelcomePageHandlerMapping] [36mAdding welcome page: class path resource [static/index.html][0;39m
[2024-01-10 10:07:30 [32mINFO [0;39m restartedMain] [org.springframework.security.web.DefaultSecurityFilterChain] [36mWill secure any request with [org.springframework.security.web.session.DisableEncodeUrlFilter@197a87eb, org.springframework.security.web.context.request.async.WebAsyncManagerIntegrationFilter@1027e077, org.springframework.security.web.context.SecurityContextHolderFilter@10d8e86c, org.springframework.security.web.header.HeaderWriterFilter@22fcd968, org.springframework.web.filter.CorsFilter@1b0ab405, org.springframework.security.web.authentication.logout.LogoutFilter@7aa174cf, com.green.greengram4.security.JwtAuthenticationFilter@2250c5fc, org.springframework.security.web.savedrequest.RequestCacheAwareFilter@d06c0b9, org.springframework.security.web.servletapi.SecurityContextHolderAwareRequestFilter@23b22142, org.springframework.security.web.authentication.AnonymousAuthenticationFilter@2dc60bb9, org.springframework.security.web.session.SessionManagementFilter@e4c8008, org.springframework.security.web.access.ExceptionTranslationFilter@3a1fd2c4, org.springframework.security.web.access.intercept.AuthorizationFilter@8102883][0;39m
[2024-01-10 10:07:30 [32mINFO [0;39m restartedMain] [org.springframework.boot.devtools.autoconfigure.OptionalLiveReloadServer] [36mLiveReload server is running on port 35729[0;39m
[2024-01-10 10:07:30 [32mINFO [0;39m restartedMain] [org.apache.coyote.http11.Http11NioProtocol] [36mStarting ProtocolHandler ["http-nio-8080"][0;39m
[2024-01-10 10:07:30 [32mINFO [0;39m restartedMain] [org.springframework.boot.web.embedded.tomcat.TomcatWebServer] [36mTomcat started on port 8080 (http) with context path ''[0;39m
[2024-01-10 10:07:30 [32mINFO [0;39m restartedMain] [com.green.greengram4.Greengram4Application] [36mStarted Greengram4Application in 2.153 seconds (process running for 2.624)[0;39m
[2024-01-10 10:07:36 [32mINFO [0;39m http-nio-8080-exec-1] [org.apache.catalina.core.ContainerBase.[Tomcat].[localhost].[/]] [36mInitializing Spring DispatcherServlet 'dispatcherServlet'[0;39m
[2024-01-10 10:07:36 [32mINFO [0;39m http-nio-8080-exec-1] [org.springframework.web.servlet.DispatcherServlet] [36mInitializing Servlet 'dispatcherServlet'[0;39m
[2024-01-10 10:07:36 [32mINFO [0;39m http-nio-8080-exec-1] [org.springframework.web.servlet.DispatcherServlet] [36mCompleted initialization in 0 ms[0;39m
[2024-01-10 10:07:36 [32mINFO [0;39m http-nio-8080-exec-1] [com.green.greengram4.security.JwtAuthenticationFilter] [36mJwtAuthentication-Token: null[0;39m
[2024-01-10 10:07:36 [32mINFO [0;39m http-nio-8080-exec-2] [com.green.greengram4.security.JwtAuthenticationFilter] [36mJwtAuthentication-Token: null[0;39m
[2024-01-10 10:07:36 [32mINFO [0;39m http-nio-8080-exec-3] [com.green.greengram4.security.JwtAuthenticationFilter] [36mJwtAuthentication-Token: null[0;39m
[2024-01-10 10:07:36 [32mINFO [0;39m http-nio-8080-exec-4] [com.green.greengram4.security.JwtAuthenticationFilter] [36mJwtAuthentication-Token: null[0;39m
[2024-01-10 10:07:36 [32mINFO [0;39m http-nio-8080-exec-5] [com.green.greengram4.security.JwtAuthenticationFilter] [36mJwtAuthentication-Token: null[0;39m
[2024-01-10 10:07:36 [32mINFO [0;39m http-nio-8080-exec-7] [com.green.greengram4.security.JwtAuthenticationFilter] [36mJwtAuthentication-Token: null[0;39m
[2024-01-10 10:07:42 [32mINFO [0;39m http-nio-8080-exec-6] [com.green.greengram4.security.JwtAuthenticationFilter] [36mJwtAuthentication-Token: null[0;39m
[2024-01-10 10:07:42 [32mINFO [0;39m http-nio-8080-exec-8] [com.green.greengram4.security.JwtAuthenticationFilter] [36mJwtAuthentication-Token: null[0;39m
[2024-01-10 10:07:42 [32mINFO [0;39m http-nio-8080-exec-9] [com.green.greengram4.security.JwtAuthenticationFilter] [36mJwtAuthentication-Token: null[0;39m
[2024-01-10 10:07:42 [32mINFO [0;39m http-nio-8080-exec-10] [com.green.greengram4.security.JwtAuthenticationFilter] [36mJwtAuthentication-Token: null[0;39m
[2024-01-10 10:07:42 [32mINFO [0;39m http-nio-8080-exec-3] [com.green.greengram4.security.JwtAuthenticationFilter] [36mJwtAuthentication-Token: null[0;39m
[2024-01-10 10:07:42 [32mINFO [0;39m http-nio-8080-exec-1] [com.green.greengram4.security.JwtAuthenticationFilter] [36mJwtAuthentication-Token: null[0;39m
[2024-01-10 10:07:42 [32mINFO [0;39m http-nio-8080-exec-4] [com.green.greengram4.security.JwtAuthenticationFilter] [36mJwtAuthentication-Token: null[0;39m
[2024-01-10 10:07:42 [32mINFO [0;39m http-nio-8080-exec-2] [com.green.greengram4.security.JwtAuthenticationFilter] [36mJwtAuthentication-Token: null[0;39m
[2024-01-10 10:07:42 [32mINFO [0;39m http-nio-8080-exec-2] [org.springdoc.api.AbstractOpenApiResource] [36mInit duration for springdoc-openapi is: 180 ms[0;39m
[2024-01-10 10:07:56 [32mINFO [0;39m http-nio-8080-exec-5] [com.green.greengram4.security.JwtAuthenticationFilter] [36mJwtAuthentication-Token: null[0;39m
[2024-01-10 10:07:56 [32mINFO [0;39m http-nio-8080-exec-5] [com.green.greengram4.user.UserController] [36mdto: UserSigninDto(uid=bob, upw=1212)[0;39m
[2024-01-10 10:07:56 [32mINFO [0;39m http-nio-8080-exec-5] [com.zaxxer.hikari.HikariDataSource] [36mHikariPool-1 - Starting...[0;39m
[2024-01-10 10:07:56 [32mINFO [0;39m http-nio-8080-exec-5] [com.zaxxer.hikari.pool.HikariPool] [36mHikariPool-1 - Added connection org.mariadb.jdbc.Connection@10cc9deb[0;39m
[2024-01-10 10:07:56 [32mINFO [0;39m http-nio-8080-exec-5] [com.zaxxer.hikari.HikariDataSource] [36mHikariPool-1 - Start completed.[0;39m
[2024-01-10 10:09:03 [32mINFO [0;39m http-nio-8080-exec-10] [com.green.greengram4.security.JwtAuthenticationFilter] [36mJwtAuthentication-Token: eyJhbGciOiJIUzI1NiJ9.eyJpdXNlciI6IntcIml1c2VyXCI6M30iLCJpYXQiOjE3MDQ4NDg4NzYsImV4cCI6MTcwNDg1NjA3Nn0.Ud_0T_ho9vlY1Tg82PsFFGRsmg7VxBa1bou8LdZZnwQ[0;39m
[2024-01-10 10:16:50 [32mINFO [0;39m http-nio-8080-exec-2] [com.green.greengram4.security.JwtAuthenticationFilter] [36mJwtAuthentication-Token: eyJhbGciOiJIUzI1NiJ9.eyJpdXNlciI6IntcIml1c2VyXCI6M30iLCJpYXQiOjE3MDQ4NDg4NzYsImV4cCI6MTcwNDg1NjA3Nn0.Ud_0T_ho9vlY1Tg82PsFFGRsmg7VxBa1bou8LdZZnwQ[0;39m
[2024-01-10 10:17:00 [32mINFO [0;39m SpringApplicationShutdownHook] [com.zaxxer.hikari.HikariDataSource] [36mHikariPool-1 - Shutdown initiated...[0;39m
[2024-01-10 10:17:00 [32mINFO [0;39m SpringApplicationShutdownHook] [com.zaxxer.hikari.HikariDataSource] [36mHikariPool-1 - Shutdown completed.[0;39m
[2024-01-10 10:17:02 [32mINFO [0;39m restartedMain] [com.green.greengram4.Greengram4Application] [36mStarting Greengram4Application using Java 17.0.8.1 with PID 3160 (D:\2023\java\greengram4\build\classes\java\main started by Administrator in D:\2023\java\greengram4)[0;39m
[2024-01-10 10:17:02 [32mINFO [0;39m restartedMain] [com.green.greengram4.Greengram4Application] [36mNo active profile set, falling back to 1 default profile: "default"[0;39m
[2024-01-10 10:17:02 [32mINFO [0;39m restartedMain] [org.springframework.boot.devtools.env.DevToolsPropertyDefaultsPostProcessor] [36mDevtools property defaults active! Set 'spring.devtools.add-properties' to 'false' to disable[0;39m
[2024-01-10 10:17:02 [32mINFO [0;39m restartedMain] [org.springframework.boot.devtools.env.DevToolsPropertyDefaultsPostProcessor] [36mFor additional web related logging consider setting the 'logging.level.web' property to 'DEBUG'[0;39m
[2024-01-10 10:17:03 [32mINFO [0;39m restartedMain] [org.springframework.boot.web.embedded.tomcat.TomcatWebServer] [36mTomcat initialized with port 8080 (http)[0;39m
[2024-01-10 10:17:03 [32mINFO [0;39m restartedMain] [org.apache.coyote.http11.Http11NioProtocol] [36mInitializing ProtocolHandler ["http-nio-8080"][0;39m
[2024-01-10 10:17:03 [32mINFO [0;39m restartedMain] [org.apache.catalina.core.StandardService] [36mStarting service [Tomcat][0;39m
[2024-01-10 10:17:03 [32mINFO [0;39m restartedMain] [org.apache.catalina.core.StandardEngine] [36mStarting Servlet engine: [Apache Tomcat/10.1.17][0;39m
[2024-01-10 10:17:03 [32mINFO [0;39m restartedMain] [org.apache.catalina.core.ContainerBase.[Tomcat].[localhost].[/]] [36mInitializing Spring embedded WebApplicationContext[0;39m
[2024-01-10 10:17:03 [32mINFO [0;39m restartedMain] [org.springframework.boot.web.servlet.context.ServletWebServerApplicationContext] [36mRoot WebApplicationContext: initialization completed in 985 ms[0;39m
[2024-01-10 10:17:03 [32mINFO [0;39m restartedMain] [com.green.greengram4.security.JwtTokenProvider] [36msecret : DaeguGreenArtAcademyClass502RoomForJavaSpringBootFighting[0;39m
[2024-01-10 10:17:03 [32mINFO [0;39m restartedMain] [com.green.greengram4.security.JwtTokenProvider] [36mkeyBytes : [13, -89, -96, -72, 106, -34, 122, 112, 43, -76, 7, 26, 117, -23, -78, 10, 86, -84, -77, -99, 54, 70, -118, 38, 22, -118, -55, 106, -10, -110, -90, -72, -89, -128, 26, 40, -76, 88, -96, -122, -40, -89][0;39m
[2024-01-10 10:17:03 [32mINFO [0;39m restartedMain] [com.green.greengram4.common.FirebaseConfiguration] [36mFirebaseApp Initialization Complete !!![0;39m
[2024-01-10 10:17:03 [33mWARN [0;39m restartedMain] [org.springframework.boot.autoconfigure.security.servlet.UserDetailsServiceAutoConfiguration] [36m

Using generated security password: 513ea085-135e-4b18-b765-9fe87e207540

This generated password is for development use only. Your security configuration must be updated before running your application in production.
[0;39m
[2024-01-10 10:17:03 [32mINFO [0;39m restartedMain] [org.springframework.boot.autoconfigure.web.servlet.WelcomePageHandlerMapping] [36mAdding welcome page: class path resource [static/index.html][0;39m
[2024-01-10 10:17:03 [32mINFO [0;39m restartedMain] [org.springframework.security.web.DefaultSecurityFilterChain] [36mWill secure any request with [org.springframework.security.web.session.DisableEncodeUrlFilter@1044f4f4, org.springframework.security.web.context.request.async.WebAsyncManagerIntegrationFilter@4e49c737, org.springframework.security.web.context.SecurityContextHolderFilter@7d3f66c0, org.springframework.security.web.header.HeaderWriterFilter@443a591, org.springframework.web.filter.CorsFilter@2660a8d0, org.springframework.security.web.authentication.logout.LogoutFilter@5b19b868, com.green.greengram4.security.JwtAuthenticationFilter@4d33ad90, org.springframework.security.web.savedrequest.RequestCacheAwareFilter@709c83d5, org.springframework.security.web.servletapi.SecurityContextHolderAwareRequestFilter@554b2add, org.springframework.security.web.authentication.AnonymousAuthenticationFilter@27c82f93, org.springframework.security.web.session.SessionManagementFilter@4e59a7f5, org.springframework.security.web.access.ExceptionTranslationFilter@45305b10, org.springframework.security.web.access.intercept.AuthorizationFilter@6b86bab9][0;39m
[2024-01-10 10:17:04 [32mINFO [0;39m restartedMain] [org.springframework.boot.devtools.autoconfigure.OptionalLiveReloadServer] [36mLiveReload server is running on port 35729[0;39m
[2024-01-10 10:17:04 [32mINFO [0;39m restartedMain] [org.apache.coyote.http11.Http11NioProtocol] [36mStarting ProtocolHandler ["http-nio-8080"][0;39m
[2024-01-10 10:17:04 [32mINFO [0;39m restartedMain] [org.springframework.boot.web.embedded.tomcat.TomcatWebServer] [36mTomcat started on port 8080 (http) with context path ''[0;39m
[2024-01-10 10:17:04 [32mINFO [0;39m restartedMain] [com.green.greengram4.Greengram4Application] [36mStarted Greengram4Application in 2.127 seconds (process running for 2.6)[0;39m
[2024-01-10 10:17:11 [32mINFO [0;39m http-nio-8080-exec-1] [org.apache.catalina.core.ContainerBase.[Tomcat].[localhost].[/]] [36mInitializing Spring DispatcherServlet 'dispatcherServlet'[0;39m
[2024-01-10 10:17:11 [32mINFO [0;39m http-nio-8080-exec-1] [org.springframework.web.servlet.DispatcherServlet] [36mInitializing Servlet 'dispatcherServlet'[0;39m
[2024-01-10 10:17:11 [32mINFO [0;39m http-nio-8080-exec-1] [org.springframework.web.servlet.DispatcherServlet] [36mCompleted initialization in 1 ms[0;39m
[2024-01-10 10:17:11 [32mINFO [0;39m http-nio-8080-exec-1] [com.green.greengram4.security.JwtAuthenticationFilter] [36mJwtAuthentication-Token: eyJhbGciOiJIUzI1NiJ9.eyJpdXNlciI6IntcIml1c2VyXCI6M30iLCJpYXQiOjE3MDQ4NDg4NzYsImV4cCI6MTcwNDg1NjA3Nn0.Ud_0T_ho9vlY1Tg82PsFFGRsmg7VxBa1bou8LdZZnwQ[0;39m
[2024-01-10 10:17:29 [32mINFO [0;39m http-nio-8080-exec-2] [com.green.greengram4.security.JwtAuthenticationFilter] [36mJwtAuthentication-Token: eyJhbGciOiJIUzI1NiJ9.eyJpdXNlciI6IntcIml1c2VyXCI6M30iLCJpYXQiOjE3MDQ4NDg4NzYsImV4cCI6MTcwNDg1NjA3Nn0.Ud_0T_ho9vlY1Tg82PsFFGRsmg7VxBa1bou8LdZZnwQ[0;39m
[2024-01-10 10:17:29 [32mINFO [0;39m http-nio-8080-exec-2] [com.green.greengram4.user.UserController] [36mdto: UserSigninDto(uid=bob, upw=1212)[0;39m
[2024-01-10 10:17:29 [32mINFO [0;39m http-nio-8080-exec-2] [com.zaxxer.hikari.HikariDataSource] [36mHikariPool-1 - Starting...[0;39m
[2024-01-10 10:17:29 [32mINFO [0;39m http-nio-8080-exec-2] [com.zaxxer.hikari.pool.HikariPool] [36mHikariPool-1 - Added connection org.mariadb.jdbc.Connection@5e3b1cf2[0;39m
[2024-01-10 10:17:29 [32mINFO [0;39m http-nio-8080-exec-2] [com.zaxxer.hikari.HikariDataSource] [36mHikariPool-1 - Start completed.[0;39m
[2024-01-10 10:17:55 [32mINFO [0;39m http-nio-8080-exec-3] [com.green.greengram4.security.JwtAuthenticationFilter] [36mJwtAuthentication-Token: eyJhbGciOiJIUzI1NiJ9.eyJpdXNlciI6IntcIml1c2VyXCI6M30iLCJpYXQiOjE3MDQ4NDk0NDksImV4cCI6MTcwNDg1NjY0OX0.8x3HtPZSxx9S7gwmpJn4KViUBjCEhEPPe2dyzKC9A9Y[0;39m
[2024-01-10 10:18:27 [32mINFO [0;39m http-nio-8080-exec-4] [com.green.greengram4.security.JwtAuthenticationFilter] [36mJwtAuthentication-Token: eyJhbGciOiJIUzI1NiJ9.eyJpdXNlciI6IntcIml1c2VyXCI6M30iLCJpYXQiOjE3MDQ4NDk0NDksImV4cCI6MTcwNDg1NjY0OX0.8x3HtPZSxx9S7gwmpJn4KViUBjCEhEPPe2dyzKC9A9Y[0;39m
[2024-01-10 10:19:46 [33mWARN [0;39m HikariPool-1 housekeeper] [com.zaxxer.hikari.pool.HikariPool] [36mHikariPool-1 - Thread starvation or clock leap detected (housekeeper delta=1m16s736ms382µs700ns).[0;39m
[2024-01-10 10:19:46 [32mINFO [0;39m http-nio-8080-exec-5] [com.green.greengram4.security.JwtAuthenticationFilter] [36mJwtAuthentication-Token: eyJhbGciOiJIUzI1NiJ9.eyJpdXNlciI6IntcIml1c2VyXCI6M30iLCJpYXQiOjE3MDQ4NDk0NDksImV4cCI6MTcwNDg1NjY0OX0.8x3HtPZSxx9S7gwmpJn4KViUBjCEhEPPe2dyzKC9A9Y[0;39m
[2024-01-10 10:19:46 [32mINFO [0;39m SpringApplicationShutdownHook] [com.zaxxer.hikari.HikariDataSource] [36mHikariPool-1 - Shutdown initiated...[0;39m
[2024-01-10 10:19:46 [32mINFO [0;39m SpringApplicationShutdownHook] [com.zaxxer.hikari.HikariDataSource] [36mHikariPool-1 - Shutdown completed.[0;39m
[2024-01-10 10:19:49 [32mINFO [0;39m restartedMain] [com.green.greengram4.Greengram4Application] [36mStarting Greengram4Application using Java 17.0.8.1 with PID 2444 (D:\2023\java\greengram4\build\classes\java\main started by Administrator in D:\2023\java\greengram4)[0;39m
[2024-01-10 10:19:49 [32mINFO [0;39m restartedMain] [com.green.greengram4.Greengram4Application] [36mNo active profile set, falling back to 1 default profile: "default"[0;39m
[2024-01-10 10:19:49 [32mINFO [0;39m restartedMain] [org.springframework.boot.devtools.env.DevToolsPropertyDefaultsPostProcessor] [36mDevtools property defaults active! Set 'spring.devtools.add-properties' to 'false' to disable[0;39m
[2024-01-10 10:19:49 [32mINFO [0;39m restartedMain] [org.springframework.boot.devtools.env.DevToolsPropertyDefaultsPostProcessor] [36mFor additional web related logging consider setting the 'logging.level.web' property to 'DEBUG'[0;39m
[2024-01-10 10:19:50 [32mINFO [0;39m restartedMain] [org.springframework.boot.web.embedded.tomcat.TomcatWebServer] [36mTomcat initialized with port 8080 (http)[0;39m
[2024-01-10 10:19:50 [32mINFO [0;39m restartedMain] [org.apache.coyote.http11.Http11NioProtocol] [36mInitializing ProtocolHandler ["http-nio-8080"][0;39m
[2024-01-10 10:19:50 [32mINFO [0;39m restartedMain] [org.apache.catalina.core.StandardService] [36mStarting service [Tomcat][0;39m
[2024-01-10 10:19:50 [32mINFO [0;39m restartedMain] [org.apache.catalina.core.StandardEngine] [36mStarting Servlet engine: [Apache Tomcat/10.1.17][0;39m
[2024-01-10 10:19:50 [32mINFO [0;39m restartedMain] [org.apache.catalina.core.ContainerBase.[Tomcat].[localhost].[/]] [36mInitializing Spring embedded WebApplicationContext[0;39m
[2024-01-10 10:19:50 [32mINFO [0;39m restartedMain] [org.springframework.boot.web.servlet.context.ServletWebServerApplicationContext] [36mRoot WebApplicationContext: initialization completed in 1015 ms[0;39m
[2024-01-10 10:19:50 [32mINFO [0;39m restartedMain] [com.green.greengram4.security.JwtTokenProvider] [36msecret : DaeguGreenArtAcademyClass502RoomForJavaSpringBootFighting[0;39m
[2024-01-10 10:19:50 [32mINFO [0;39m restartedMain] [com.green.greengram4.security.JwtTokenProvider] [36mkeyBytes : [13, -89, -96, -72, 106, -34, 122, 112, 43, -76, 7, 26, 117, -23, -78, 10, 86, -84, -77, -99, 54, 70, -118, 38, 22, -118, -55, 106, -10, -110, -90, -72, -89, -128, 26, 40, -76, 88, -96, -122, -40, -89][0;39m
[2024-01-10 10:19:50 [32mINFO [0;39m restartedMain] [com.green.greengram4.common.FirebaseConfiguration] [36mFirebaseApp Initialization Complete !!![0;39m
[2024-01-10 10:19:50 [33mWARN [0;39m restartedMain] [org.springframework.boot.autoconfigure.security.servlet.UserDetailsServiceAutoConfiguration] [36m

Using generated security password: ec2f0d6f-5e2e-4485-92d0-1749730d4990

This generated password is for development use only. Your security configuration must be updated before running your application in production.
[0;39m
[2024-01-10 10:19:50 [32mINFO [0;39m restartedMain] [org.springframework.boot.autoconfigure.web.servlet.WelcomePageHandlerMapping] [36mAdding welcome page: class path resource [static/index.html][0;39m
[2024-01-10 10:19:50 [32mINFO [0;39m restartedMain] [org.springframework.security.web.DefaultSecurityFilterChain] [36mWill secure any request with [org.springframework.security.web.session.DisableEncodeUrlFilter@536a65dc, org.springframework.security.web.context.request.async.WebAsyncManagerIntegrationFilter@524faaff, org.springframework.security.web.context.SecurityContextHolderFilter@570d8f36, org.springframework.security.web.header.HeaderWriterFilter@24d1239a, org.springframework.web.filter.CorsFilter@3f29dc23, org.springframework.security.web.authentication.logout.LogoutFilter@427a1b6f, com.green.greengram4.security.JwtAuthenticationFilter@5014c302, org.springframework.security.web.savedrequest.RequestCacheAwareFilter@63b41ca8, org.springframework.security.web.servletapi.SecurityContextHolderAwareRequestFilter@b63b509, org.springframework.security.web.authentication.AnonymousAuthenticationFilter@5e86ea8e, org.springframework.security.web.session.SessionManagementFilter@53846568, org.springframework.security.web.access.ExceptionTranslationFilter@107b6d31, org.springframework.security.web.access.intercept.AuthorizationFilter@696d192f][0;39m
[2024-01-10 10:19:51 [32mINFO [0;39m restartedMain] [org.springframework.boot.devtools.autoconfigure.OptionalLiveReloadServer] [36mLiveReload server is running on port 35729[0;39m
[2024-01-10 10:19:51 [32mINFO [0;39m restartedMain] [org.apache.coyote.http11.Http11NioProtocol] [36mStarting ProtocolHandler ["http-nio-8080"][0;39m
[2024-01-10 10:19:51 [32mINFO [0;39m restartedMain] [org.springframework.boot.web.embedded.tomcat.TomcatWebServer] [36mTomcat started on port 8080 (http) with context path ''[0;39m
[2024-01-10 10:19:51 [32mINFO [0;39m restartedMain] [com.green.greengram4.Greengram4Application] [36mStarted Greengram4Application in 2.221 seconds (process running for 2.688)[0;39m
[2024-01-10 10:20:46 [32mINFO [0;39m http-nio-8080-exec-1] [org.apache.catalina.core.ContainerBase.[Tomcat].[localhost].[/]] [36mInitializing Spring DispatcherServlet 'dispatcherServlet'[0;39m
[2024-01-10 10:20:46 [32mINFO [0;39m http-nio-8080-exec-1] [org.springframework.web.servlet.DispatcherServlet] [36mInitializing Servlet 'dispatcherServlet'[0;39m
[2024-01-10 10:20:46 [32mINFO [0;39m http-nio-8080-exec-1] [org.springframework.web.servlet.DispatcherServlet] [36mCompleted initialization in 1 ms[0;39m
[2024-01-10 10:20:54 [32mINFO [0;39m http-nio-8080-exec-1] [com.green.greengram4.security.JwtAuthenticationFilter] [36mJwtAuthentication-Token: eyJhbGciOiJIUzI1NiJ9.eyJpdXNlciI6IntcIml1c2VyXCI6M30iLCJpYXQiOjE3MDQ4NDk0NDksImV4cCI6MTcwNDg1NjY0OX0.8x3HtPZSxx9S7gwmpJn4KViUBjCEhEPPe2dyzKC9A9Y[0;39m
[2024-01-10 10:20:54 [32mINFO [0;39m http-nio-8080-exec-1] [com.green.greengram4.user.UserController] [36mdto: UserSigninDto(uid=bob, upw=1212)[0;39m
[2024-01-10 10:20:59 [32mINFO [0;39m http-nio-8080-exec-1] [com.zaxxer.hikari.HikariDataSource] [36mHikariPool-1 - Starting...[0;39m
[2024-01-10 10:20:59 [32mINFO [0;39m http-nio-8080-exec-1] [com.zaxxer.hikari.pool.HikariPool] [36mHikariPool-1 - Added connection org.mariadb.jdbc.Connection@129016b3[0;39m
[2024-01-10 10:20:59 [32mINFO [0;39m http-nio-8080-exec-1] [com.zaxxer.hikari.HikariDataSource] [36mHikariPool-1 - Start completed.[0;39m
[2024-01-10 10:22:18 [32mINFO [0;39m SpringApplicationShutdownHook] [com.zaxxer.hikari.HikariDataSource] [36mHikariPool-1 - Shutdown initiated...[0;39m
[2024-01-10 10:22:18 [32mINFO [0;39m SpringApplicationShutdownHook] [com.zaxxer.hikari.HikariDataSource] [36mHikariPool-1 - Shutdown completed.[0;39m
[2024-01-10 10:22:22 [32mINFO [0;39m restartedMain] [com.green.greengram4.Greengram4Application] [36mStarting Greengram4Application using Java 17.0.8.1 with PID 6596 (D:\2023\java\greengram4\build\classes\java\main started by Administrator in D:\2023\java\greengram4)[0;39m
[2024-01-10 10:22:22 [32mINFO [0;39m restartedMain] [com.green.greengram4.Greengram4Application] [36mNo active profile set, falling back to 1 default profile: "default"[0;39m
[2024-01-10 10:22:22 [32mINFO [0;39m restartedMain] [org.springframework.boot.devtools.env.DevToolsPropertyDefaultsPostProcessor] [36mDevtools property defaults active! Set 'spring.devtools.add-properties' to 'false' to disable[0;39m
[2024-01-10 10:22:22 [32mINFO [0;39m restartedMain] [org.springframework.boot.devtools.env.DevToolsPropertyDefaultsPostProcessor] [36mFor additional web related logging consider setting the 'logging.level.web' property to 'DEBUG'[0;39m
[2024-01-10 10:22:23 [32mINFO [0;39m restartedMain] [org.springframework.boot.web.embedded.tomcat.TomcatWebServer] [36mTomcat initialized with port 8080 (http)[0;39m
[2024-01-10 10:22:23 [32mINFO [0;39m restartedMain] [org.apache.coyote.http11.Http11NioProtocol] [36mInitializing ProtocolHandler ["http-nio-8080"][0;39m
[2024-01-10 10:22:23 [32mINFO [0;39m restartedMain] [org.apache.catalina.core.StandardService] [36mStarting service [Tomcat][0;39m
[2024-01-10 10:22:23 [32mINFO [0;39m restartedMain] [org.apache.catalina.core.StandardEngine] [36mStarting Servlet engine: [Apache Tomcat/10.1.17][0;39m
[2024-01-10 10:22:23 [32mINFO [0;39m restartedMain] [org.apache.catalina.core.ContainerBase.[Tomcat].[localhost].[/]] [36mInitializing Spring embedded WebApplicationContext[0;39m
[2024-01-10 10:22:23 [32mINFO [0;39m restartedMain] [org.springframework.boot.web.servlet.context.ServletWebServerApplicationContext] [36mRoot WebApplicationContext: initialization completed in 988 ms[0;39m
[2024-01-10 10:22:23 [32mINFO [0;39m restartedMain] [com.green.greengram4.security.JwtTokenProvider] [36msecret : DaeguGreenArtAcademyClass502RoomForJavaSpringBootFighting[0;39m
[2024-01-10 10:22:23 [32mINFO [0;39m restartedMain] [com.green.greengram4.security.JwtTokenProvider] [36mkeyBytes : [13, -89, -96, -72, 106, -34, 122, 112, 43, -76, 7, 26, 117, -23, -78, 10, 86, -84, -77, -99, 54, 70, -118, 38, 22, -118, -55, 106, -10, -110, -90, -72, -89, -128, 26, 40, -76, 88, -96, -122, -40, -89][0;39m
[2024-01-10 10:22:23 [32mINFO [0;39m restartedMain] [com.green.greengram4.common.FirebaseConfiguration] [36mFirebaseApp Initialization Complete !!![0;39m
[2024-01-10 10:22:24 [33mWARN [0;39m restartedMain] [org.springframework.boot.autoconfigure.security.servlet.UserDetailsServiceAutoConfiguration] [36m

Using generated security password: 6e69ba77-f039-4fc8-a95f-2e8f5d8e7f52

This generated password is for development use only. Your security configuration must be updated before running your application in production.
[0;39m
[2024-01-10 10:22:24 [32mINFO [0;39m restartedMain] [org.springframework.boot.autoconfigure.web.servlet.WelcomePageHandlerMapping] [36mAdding welcome page: class path resource [static/index.html][0;39m
[2024-01-10 10:22:24 [32mINFO [0;39m restartedMain] [org.springframework.security.web.DefaultSecurityFilterChain] [36mWill secure any request with [org.springframework.security.web.session.DisableEncodeUrlFilter@197a87eb, org.springframework.security.web.context.request.async.WebAsyncManagerIntegrationFilter@1027e077, org.springframework.security.web.context.SecurityContextHolderFilter@10d8e86c, org.springframework.security.web.header.HeaderWriterFilter@22fcd968, org.springframework.web.filter.CorsFilter@1b0ab405, org.springframework.security.web.authentication.logout.LogoutFilter@7aa174cf, com.green.greengram4.security.JwtAuthenticationFilter@2250c5fc, org.springframework.security.web.savedrequest.RequestCacheAwareFilter@d06c0b9, org.springframework.security.web.servletapi.SecurityContextHolderAwareRequestFilter@23b22142, org.springframework.security.web.authentication.AnonymousAuthenticationFilter@2dc60bb9, org.springframework.security.web.session.SessionManagementFilter@e4c8008, org.springframework.security.web.access.ExceptionTranslationFilter@3a1fd2c4, org.springframework.security.web.access.intercept.AuthorizationFilter@8102883][0;39m
[2024-01-10 10:22:24 [32mINFO [0;39m restartedMain] [org.springframework.boot.devtools.autoconfigure.OptionalLiveReloadServer] [36mLiveReload server is running on port 35729[0;39m
[2024-01-10 10:22:24 [32mINFO [0;39m restartedMain] [org.apache.coyote.http11.Http11NioProtocol] [36mStarting ProtocolHandler ["http-nio-8080"][0;39m
[2024-01-10 10:22:24 [32mINFO [0;39m restartedMain] [org.springframework.boot.web.embedded.tomcat.TomcatWebServer] [36mTomcat started on port 8080 (http) with context path ''[0;39m
[2024-01-10 10:22:24 [32mINFO [0;39m restartedMain] [com.green.greengram4.Greengram4Application] [36mStarted Greengram4Application in 2.13 seconds (process running for 2.609)[0;39m
[2024-01-10 10:22:31 [32mINFO [0;39m http-nio-8080-exec-1] [org.apache.catalina.core.ContainerBase.[Tomcat].[localhost].[/]] [36mInitializing Spring DispatcherServlet 'dispatcherServlet'[0;39m
[2024-01-10 10:22:31 [32mINFO [0;39m http-nio-8080-exec-1] [org.springframework.web.servlet.DispatcherServlet] [36mInitializing Servlet 'dispatcherServlet'[0;39m
[2024-01-10 10:22:31 [32mINFO [0;39m http-nio-8080-exec-1] [org.springframework.web.servlet.DispatcherServlet] [36mCompleted initialization in 1 ms[0;39m
[2024-01-10 10:22:31 [32mINFO [0;39m http-nio-8080-exec-1] [com.green.greengram4.security.JwtAuthenticationFilter] [36mJwtAuthentication-Token: eyJhbGciOiJIUzI1NiJ9.eyJpdXNlciI6IntcIml1c2VyXCI6M30iLCJpYXQiOjE3MDQ4NDk0NDksImV4cCI6MTcwNDg1NjY0OX0.8x3HtPZSxx9S7gwmpJn4KViUBjCEhEPPe2dyzKC9A9Y[0;39m
[2024-01-10 10:22:31 [32mINFO [0;39m http-nio-8080-exec-1] [com.green.greengram4.user.UserController] [36mdto: UserSigninDto(uid=bob, upw=1212)[0;39m
[2024-01-10 10:22:36 [32mINFO [0;39m http-nio-8080-exec-1] [com.zaxxer.hikari.HikariDataSource] [36mHikariPool-1 - Starting...[0;39m
[2024-01-10 10:22:36 [32mINFO [0;39m http-nio-8080-exec-1] [com.zaxxer.hikari.pool.HikariPool] [36mHikariPool-1 - Added connection org.mariadb.jdbc.Connection@683315cc[0;39m
[2024-01-10 10:22:36 [32mINFO [0;39m http-nio-8080-exec-1] [com.zaxxer.hikari.HikariDataSource] [36mHikariPool-1 - Start completed.[0;39m
[2024-01-10 10:23:13 [32mINFO [0;39m http-nio-8080-exec-3] [com.green.greengram4.security.JwtAuthenticationFilter] [36mJwtAuthentication-Token: eyJhbGciOiJIUzI1NiJ9.eyJ1c2VyIjoie1wiaXVzZXJcIjozfSIsImlhdCI6MTcwNDg0OTc1NiwiZXhwIjoxNzA0ODU2OTU2fQ.w7fQtAaV5GnwJr-NSgZ-Q3RbFHfMzWNp3C2GCZ5wlX0[0;39m
[2024-01-10 10:24:15 [32mINFO [0;39m http-nio-8080-exec-3] [com.green.greengram4.feed.FeedService] [36mdto.getIuser : 3[0;39m
[2024-01-10 10:24:15 [32mINFO [0;39m http-nio-8080-exec-3] [com.green.greengram4.feed.FeedService] [36mfeedAffectedRows : 1[0;39m
[2024-01-10 10:24:15 [32mINFO [0;39m http-nio-8080-exec-3] [com.green.greengram4.feed.FeedService] [36mfeedPicsAffectedRows : 1[0;39m
[2024-01-10 10:24:15 [32mINFO [0;39m SpringApplicationShutdownHook] [com.zaxxer.hikari.HikariDataSource] [36mHikariPool-1 - Shutdown initiated...[0;39m
[2024-01-10 10:24:15 [32mINFO [0;39m SpringApplicationShutdownHook] [com.zaxxer.hikari.HikariDataSource] [36mHikariPool-1 - Shutdown completed.[0;39m
[2024-01-10 10:32:27 [32mINFO [0;39m restartedMain] [com.green.greengram4.Greengram4Application] [36mStarting Greengram4Application using Java 17.0.8.1 with PID 7196 (D:\2023\java\greengram4\build\classes\java\main started by Administrator in D:\2023\java\greengram4)[0;39m
[2024-01-10 10:32:27 [32mINFO [0;39m restartedMain] [com.green.greengram4.Greengram4Application] [36mNo active profile set, falling back to 1 default profile: "default"[0;39m
[2024-01-10 10:32:27 [32mINFO [0;39m restartedMain] [org.springframework.boot.devtools.env.DevToolsPropertyDefaultsPostProcessor] [36mDevtools property defaults active! Set 'spring.devtools.add-properties' to 'false' to disable[0;39m
[2024-01-10 10:32:27 [32mINFO [0;39m restartedMain] [org.springframework.boot.devtools.env.DevToolsPropertyDefaultsPostProcessor] [36mFor additional web related logging consider setting the 'logging.level.web' property to 'DEBUG'[0;39m
[2024-01-10 10:32:28 [32mINFO [0;39m restartedMain] [org.springframework.boot.web.embedded.tomcat.TomcatWebServer] [36mTomcat initialized with port 8080 (http)[0;39m
[2024-01-10 10:32:28 [32mINFO [0;39m restartedMain] [org.apache.coyote.http11.Http11NioProtocol] [36mInitializing ProtocolHandler ["http-nio-8080"][0;39m
[2024-01-10 10:32:28 [32mINFO [0;39m restartedMain] [org.apache.catalina.core.StandardService] [36mStarting service [Tomcat][0;39m
[2024-01-10 10:32:28 [32mINFO [0;39m restartedMain] [org.apache.catalina.core.StandardEngine] [36mStarting Servlet engine: [Apache Tomcat/10.1.17][0;39m
[2024-01-10 10:32:28 [32mINFO [0;39m restartedMain] [org.apache.catalina.core.ContainerBase.[Tomcat].[localhost].[/]] [36mInitializing Spring embedded WebApplicationContext[0;39m
[2024-01-10 10:32:28 [32mINFO [0;39m restartedMain] [org.springframework.boot.web.servlet.context.ServletWebServerApplicationContext] [36mRoot WebApplicationContext: initialization completed in 1028 ms[0;39m
[2024-01-10 10:32:28 [32mINFO [0;39m restartedMain] [com.green.greengram4.security.JwtTokenProvider] [36msecret : DaeguGreenArtAcademyClass502RoomForJavaSpringBootFighting[0;39m
[2024-01-10 10:32:28 [32mINFO [0;39m restartedMain] [com.green.greengram4.security.JwtTokenProvider] [36mkeyBytes : [13, -89, -96, -72, 106, -34, 122, 112, 43, -76, 7, 26, 117, -23, -78, 10, 86, -84, -77, -99, 54, 70, -118, 38, 22, -118, -55, 106, -10, -110, -90, -72, -89, -128, 26, 40, -76, 88, -96, -122, -40, -89][0;39m
[2024-01-10 10:32:28 [32mINFO [0;39m restartedMain] [com.green.greengram4.common.FirebaseConfiguration] [36mFirebaseApp Initialization Complete !!![0;39m
[2024-01-10 10:32:28 [33mWARN [0;39m restartedMain] [org.springframework.boot.autoconfigure.security.servlet.UserDetailsServiceAutoConfiguration] [36m

Using generated security password: c3291d94-1b97-4d57-b74c-18aa4a25922b

This generated password is for development use only. Your security configuration must be updated before running your application in production.
[0;39m
[2024-01-10 10:32:28 [32mINFO [0;39m restartedMain] [org.springframework.boot.autoconfigure.web.servlet.WelcomePageHandlerMapping] [36mAdding welcome page: class path resource [static/index.html][0;39m
[2024-01-10 10:32:28 [32mINFO [0;39m restartedMain] [org.springframework.security.web.DefaultSecurityFilterChain] [36mWill secure any request with [org.springframework.security.web.session.DisableEncodeUrlFilter@21b5349c, org.springframework.security.web.context.request.async.WebAsyncManagerIntegrationFilter@55a15932, org.springframework.security.web.context.SecurityContextHolderFilter@14786e07, org.springframework.security.web.header.HeaderWriterFilter@554b2add, org.springframework.web.filter.CorsFilter@2adcfc4f, org.springframework.security.web.authentication.logout.LogoutFilter@5d929877, com.green.greengram4.security.JwtAuthenticationFilter@243d5d73, org.springframework.security.web.savedrequest.RequestCacheAwareFilter@35fd3767, org.springframework.security.web.servletapi.SecurityContextHolderAwareRequestFilter@488ed883, org.springframework.security.web.authentication.AnonymousAuthenticationFilter@23afe3d9, org.springframework.security.web.session.SessionManagementFilter@7db463df, org.springframework.security.web.access.ExceptionTranslationFilter@7e5a109d, org.springframework.security.web.access.intercept.AuthorizationFilter@106c8191][0;39m
[2024-01-10 10:32:28 [32mINFO [0;39m restartedMain] [org.springframework.boot.devtools.autoconfigure.OptionalLiveReloadServer] [36mLiveReload server is running on port 35729[0;39m
[2024-01-10 10:32:28 [32mINFO [0;39m restartedMain] [org.apache.coyote.http11.Http11NioProtocol] [36mStarting ProtocolHandler ["http-nio-8080"][0;39m
[2024-01-10 10:32:28 [32mINFO [0;39m restartedMain] [org.springframework.boot.web.embedded.tomcat.TomcatWebServer] [36mTomcat started on port 8080 (http) with context path ''[0;39m
[2024-01-10 10:32:28 [32mINFO [0;39m restartedMain] [com.green.greengram4.Greengram4Application] [36mStarted Greengram4Application in 2.242 seconds (process running for 2.716)[0;39m
[2024-01-10 10:32:42 [32mINFO [0;39m http-nio-8080-exec-1] [org.apache.catalina.core.ContainerBase.[Tomcat].[localhost].[/]] [36mInitializing Spring DispatcherServlet 'dispatcherServlet'[0;39m
[2024-01-10 10:32:42 [32mINFO [0;39m http-nio-8080-exec-1] [org.springframework.web.servlet.DispatcherServlet] [36mInitializing Servlet 'dispatcherServlet'[0;39m
[2024-01-10 10:32:42 [32mINFO [0;39m http-nio-8080-exec-1] [org.springframework.web.servlet.DispatcherServlet] [36mCompleted initialization in 1 ms[0;39m
[2024-01-10 10:33:03 [32mINFO [0;39m http-nio-8080-exec-1] [com.green.greengram4.security.JwtAuthenticationFilter] [36mJwtAuthentication-Token: eyJhbGciOiJIUzI1NiJ9.eyJ1c2VyIjoie1wiaXVzZXJcIjozfSIsImlhdCI6MTcwNDg0OTc1NiwiZXhwIjoxNzA0ODU2OTU2fQ.w7fQtAaV5GnwJr-NSgZ-Q3RbFHfMzWNp3C2GCZ5wlX0[0;39m
[2024-01-10 10:33:03 [32mINFO [0;39m http-nio-8080-exec-1] [com.green.greengram4.user.UserController] [36mdto: UserSigninDto(uid=bob, upw=1212)[0;39m
[2024-01-10 10:35:10 [32mINFO [0;39m http-nio-8080-exec-1] [com.zaxxer.hikari.HikariDataSource] [36mHikariPool-1 - Starting...[0;39m
[2024-01-10 10:35:10 [32mINFO [0;39m http-nio-8080-exec-1] [com.zaxxer.hikari.pool.HikariPool] [36mHikariPool-1 - Added connection org.mariadb.jdbc.Connection@331cfa89[0;39m
[2024-01-10 10:35:10 [32mINFO [0;39m http-nio-8080-exec-1] [com.zaxxer.hikari.HikariDataSource] [36mHikariPool-1 - Start completed.[0;39m
[2024-01-10 10:51:29 [33mWARN [0;39m HikariPool-1 housekeeper] [com.zaxxer.hikari.pool.HikariPool] [36mHikariPool-1 - Thread starvation or clock leap detected (housekeeper delta=16m48s687ms641µs100ns).[0;39m
[2024-01-10 10:54:19 [33mWARN [0;39m HikariPool-1 housekeeper] [com.zaxxer.hikari.pool.HikariPool] [36mHikariPool-1 - Thread starvation or clock leap detected (housekeeper delta=2m50s519ms462µs).[0;39m
[2024-01-10 10:56:18 [33mWARN [0;39m HikariPool-1 housekeeper] [com.zaxxer.hikari.pool.HikariPool] [36mHikariPool-1 - Thread starvation or clock leap detected (housekeeper delta=1m58s328ms198µs).[0;39m
[2024-01-10 10:57:39 [32mINFO [0;39m http-nio-8080-exec-2] [com.green.greengram4.security.JwtAuthenticationFilter] [36mJwtAuthentication-Token: eyJhbGciOiJIUzI1NiJ9.eyJ1c2VyIjoie1wiaXVzZXJcIjozfSIsImlhdCI6MTcwNDg0OTc1NiwiZXhwIjoxNzA0ODU2OTU2fQ.w7fQtAaV5GnwJr-NSgZ-Q3RbFHfMzWNp3C2GCZ5wlX0[0;39m
[2024-01-10 10:57:39 [32mINFO [0;39m http-nio-8080-exec-2] [com.green.greengram4.user.UserController] [36mdto: UserSigninDto(uid=bob, upw=1212)[0;39m
[2024-01-10 11:00:51 [33mWARN [0;39m HikariPool-1 housekeeper] [com.zaxxer.hikari.pool.HikariPool] [36mHikariPool-1 - Thread starvation or clock leap detected (housekeeper delta=3m33s41ms568µs100ns).[0;39m
[2024-01-10 11:01:43 [33mWARN [0;39m HikariPool-1 housekeeper] [com.zaxxer.hikari.pool.HikariPool] [36mHikariPool-1 - Thread starvation or clock leap detected (housekeeper delta=52s680ms102µs).[0;39m
[2024-01-10 11:01:47 [32mINFO [0;39m File Watcher] [org.springframework.boot.devtools.autoconfigure.LocalDevToolsAutoConfiguration$RestartingClassPathChangeChangedEventListener] [36mRestarting due to 3 class path changes (0 additions, 0 deletions, 3 modifications)[0;39m
[2024-01-10 11:01:47 [32mINFO [0;39m Thread-5] [org.apache.coyote.http11.Http11NioProtocol] [36mStopping ProtocolHandler ["http-nio-8080"][0;39m
[2024-01-10 11:01:47 [32mINFO [0;39m Thread-5] [com.zaxxer.hikari.HikariDataSource] [36mHikariPool-1 - Shutdown initiated...[0;39m
[2024-01-10 11:01:47 [32mINFO [0;39m Thread-5] [com.zaxxer.hikari.HikariDataSource] [36mHikariPool-1 - Shutdown completed.[0;39m
[2024-01-10 11:01:47 [32mINFO [0;39m restartedMain] [com.green.greengram4.Greengram4Application] [36mStarting Greengram4Application using Java 17.0.8.1 with PID 7196 (D:\2023\java\greengram4\build\classes\java\main started by Administrator in D:\2023\java\greengram4)[0;39m
[2024-01-10 11:01:47 [32mINFO [0;39m restartedMain] [com.green.greengram4.Greengram4Application] [36mNo active profile set, falling back to 1 default profile: "default"[0;39m
[2024-01-10 11:01:48 [32mINFO [0;39m restartedMain] [org.springframework.boot.web.embedded.tomcat.TomcatWebServer] [36mTomcat initialized with port 8080 (http)[0;39m
[2024-01-10 11:01:48 [32mINFO [0;39m restartedMain] [org.apache.coyote.http11.Http11NioProtocol] [36mInitializing ProtocolHandler ["http-nio-8080"][0;39m
[2024-01-10 11:01:48 [32mINFO [0;39m restartedMain] [org.apache.catalina.core.StandardService] [36mStarting service [Tomcat][0;39m
[2024-01-10 11:01:48 [32mINFO [0;39m restartedMain] [org.apache.catalina.core.StandardEngine] [36mStarting Servlet engine: [Apache Tomcat/10.1.17][0;39m
[2024-01-10 11:01:48 [32mINFO [0;39m restartedMain] [org.apache.catalina.core.ContainerBase.[Tomcat].[localhost].[/]] [36mInitializing Spring embedded WebApplicationContext[0;39m
[2024-01-10 11:01:48 [32mINFO [0;39m restartedMain] [org.springframework.boot.web.servlet.context.ServletWebServerApplicationContext] [36mRoot WebApplicationContext: initialization completed in 317 ms[0;39m
[2024-01-10 11:01:48 [32mINFO [0;39m restartedMain] [com.green.greengram4.security.JwtTokenProvider] [36msecret : DaeguGreenArtAcademyClass502RoomForJavaSpringBootFighting[0;39m
[2024-01-10 11:01:48 [32mINFO [0;39m restartedMain] [com.green.greengram4.security.JwtTokenProvider] [36mkeyBytes : [13, -89, -96, -72, 106, -34, 122, 112, 43, -76, 7, 26, 117, -23, -78, 10, 86, -84, -77, -99, 54, 70, -118, 38, 22, -118, -55, 106, -10, -110, -90, -72, -89, -128, 26, 40, -76, 88, -96, -122, -40, -89][0;39m
[2024-01-10 11:01:48 [33mWARN [0;39m restartedMain] [org.springframework.boot.autoconfigure.security.servlet.UserDetailsServiceAutoConfiguration] [36m

Using generated security password: 5d085048-4365-4ae9-ad7f-cf9fd6931943

This generated password is for development use only. Your security configuration must be updated before running your application in production.
[0;39m
[2024-01-10 11:01:48 [32mINFO [0;39m restartedMain] [org.springframework.boot.autoconfigure.web.servlet.WelcomePageHandlerMapping] [36mAdding welcome page: class path resource [static/index.html][0;39m
[2024-01-10 11:01:48 [32mINFO [0;39m restartedMain] [org.springframework.security.web.DefaultSecurityFilterChain] [36mWill secure any request with [org.springframework.security.web.session.DisableEncodeUrlFilter@376eddc4, org.springframework.security.web.context.request.async.WebAsyncManagerIntegrationFilter@16a93008, org.springframework.security.web.context.SecurityContextHolderFilter@200fe812, org.springframework.security.web.header.HeaderWriterFilter@339f9d5c, org.springframework.web.filter.CorsFilter@385e3a3f, org.springframework.security.web.authentication.logout.LogoutFilter@72482eb4, com.green.greengram4.security.JwtAuthenticationFilter@11e7787, org.springframework.security.web.savedrequest.RequestCacheAwareFilter@26823612, org.springframework.security.web.servletapi.SecurityContextHolderAwareRequestFilter@69382ae3, org.springframework.security.web.authentication.AnonymousAuthenticationFilter@3fca4038, org.springframework.security.web.session.SessionManagementFilter@1cedef7b, org.springframework.security.web.access.ExceptionTranslationFilter@2c8551d0, org.springframework.security.web.access.intercept.AuthorizationFilter@4e07e62][0;39m
[2024-01-10 11:01:48 [32mINFO [0;39m restartedMain] [org.springframework.boot.devtools.autoconfigure.OptionalLiveReloadServer] [36mLiveReload server is running on port 35729[0;39m
[2024-01-10 11:01:48 [32mINFO [0;39m restartedMain] [org.apache.coyote.http11.Http11NioProtocol] [36mStarting ProtocolHandler ["http-nio-8080"][0;39m
[2024-01-10 11:01:48 [32mINFO [0;39m restartedMain] [org.springframework.boot.web.embedded.tomcat.TomcatWebServer] [36mTomcat started on port 8080 (http) with context path ''[0;39m
[2024-01-10 11:01:48 [32mINFO [0;39m restartedMain] [com.green.greengram4.Greengram4Application] [36mStarted Greengram4Application in 0.555 seconds (process running for 1762.071)[0;39m
[2024-01-10 11:01:48 [32mINFO [0;39m restartedMain] [org.springframework.boot.devtools.autoconfigure.ConditionEvaluationDeltaLoggingListener] [36mCondition evaluation unchanged[0;39m
[2024-01-10 11:03:09 [32mINFO [0;39m http-nio-8080-exec-1] [org.apache.catalina.core.ContainerBase.[Tomcat].[localhost].[/]] [36mInitializing Spring DispatcherServlet 'dispatcherServlet'[0;39m
[2024-01-10 11:03:09 [32mINFO [0;39m http-nio-8080-exec-1] [org.springframework.web.servlet.DispatcherServlet] [36mInitializing Servlet 'dispatcherServlet'[0;39m
[2024-01-10 11:03:09 [32mINFO [0;39m http-nio-8080-exec-1] [org.springframework.web.servlet.DispatcherServlet] [36mCompleted initialization in 1 ms[0;39m
[2024-01-10 11:33:57 [32mINFO [0;39m http-nio-8080-exec-1] [com.green.greengram4.security.JwtAuthenticationFilter] [36mJwtAuthentication-Token: eyJhbGciOiJIUzI1NiJ9.eyJ1c2VyIjoie1wiaXVzZXJcIjozfSIsImlhdCI6MTcwNDg1MjA1MSwiZXhwIjoxNzA0ODU5MjUxfQ.NF528a1yeraxF7yx79ONr9mKWEoqSKvywoYbHwtksoM[0;39m
[2024-01-10 11:44:53 [32mINFO [0;39m http-nio-8080-exec-7] [com.green.greengram4.security.JwtAuthenticationFilter] [36mJwtAuthentication-Token: null[0;39m
[2024-01-10 11:54:48 [31mERROR[0;39m http-nio-8080-exec-7] [org.apache.catalina.core.ContainerBase.[Tomcat].[localhost]] [36mException Processing ErrorPage[errorCode=0, location=/error][0;39m
org.apache.catalina.connector.ClientAbortException: java.io.IOException: 현재 연결은 사용자의 호스트 시스템의 소프트웨어의 의해 중단되었습니다
	at org.apache.catalina.connector.OutputBuffer.doFlush(OutputBuffer.java:305)
	at org.apache.catalina.connector.OutputBuffer.flush(OutputBuffer.java:267)
	at org.apache.catalina.connector.CoyoteOutputStream.flush(CoyoteOutputStream.java:120)
	at java.base/java.io.FilterOutputStream.flush(FilterOutputStream.java:153)
	at com.fasterxml.jackson.core.json.UTF8JsonGenerator.flush(UTF8JsonGenerator.java:1200)
	at com.fasterxml.jackson.databind.ObjectWriter.writeValue(ObjectWriter.java:1063)
	at org.springframework.http.converter.json.AbstractJackson2HttpMessageConverter.writeInternal(AbstractJackson2HttpMessageConverter.java:483)
	at org.springframework.http.converter.AbstractGenericHttpMessageConverter.write(AbstractGenericHttpMessageConverter.java:114)
	at org.springframework.web.servlet.mvc.method.annotation.AbstractMessageConverterMethodProcessor.writeWithMessageConverters(AbstractMessageConverterMethodProcessor.java:297)
	at org.springframework.web.servlet.mvc.method.annotation.HttpEntityMethodProcessor.handleReturnValue(HttpEntityMethodProcessor.java:245)
	at org.springframework.web.method.support.HandlerMethodReturnValueHandlerComposite.handleReturnValue(HandlerMethodReturnValueHandlerComposite.java:78)
	at org.springframework.web.servlet.mvc.method.annotation.ServletInvocableHandlerMethod.invokeAndHandle(ServletInvocableHandlerMethod.java:136)
	at org.springframework.web.servlet.mvc.method.annotation.RequestMappingHandlerAdapter.invokeHandlerMethod(RequestMappingHandlerAdapter.java:917)
	at org.springframework.web.servlet.mvc.method.annotation.RequestMappingHandlerAdapter.handleInternal(RequestMappingHandlerAdapter.java:829)
	at org.springframework.web.servlet.mvc.method.AbstractHandlerMethodAdapter.handle(AbstractHandlerMethodAdapter.java:87)
	at org.springframework.web.servlet.DispatcherServlet.doDispatch(DispatcherServlet.java:1089)
	at org.springframework.web.servlet.DispatcherServlet.doService(DispatcherServlet.java:979)
	at org.springframework.web.servlet.FrameworkServlet.processRequest(FrameworkServlet.java:1014)
	at org.springframework.web.servlet.FrameworkServlet.doPost(FrameworkServlet.java:914)
	at jakarta.servlet.http.HttpServlet.service(HttpServlet.java:590)
	at org.springframework.web.servlet.FrameworkServlet.service(FrameworkServlet.java:885)
	at jakarta.servlet.http.HttpServlet.service(HttpServlet.java:658)
	at org.apache.catalina.core.ApplicationFilterChain.internalDoFilter(ApplicationFilterChain.java:205)
	at org.apache.catalina.core.ApplicationFilterChain.doFilter(ApplicationFilterChain.java:149)
	at org.springframework.web.filter.OncePerRequestFilter.doFilter(OncePerRequestFilter.java:101)
	at org.apache.catalina.core.ApplicationFilterChain.internalDoFilter(ApplicationFilterChain.java:174)
	at org.apache.catalina.core.ApplicationFilterChain.doFilter(ApplicationFilterChain.java:149)
	at org.springframework.web.filter.CompositeFilter$VirtualFilterChain.doFilter(CompositeFilter.java:108)
	at org.springframework.security.web.FilterChainProxy.lambda$doFilterInternal$3(FilterChainProxy.java:231)
	at org.springframework.security.web.FilterChainProxy$VirtualFilterChain.doFilter(FilterChainProxy.java:365)
	at org.springframework.security.web.access.intercept.AuthorizationFilter.doFilter(AuthorizationFilter.java:100)
	at org.springframework.security.web.FilterChainProxy$VirtualFilterChain.doFilter(FilterChainProxy.java:374)
	at org.springframework.security.web.access.ExceptionTranslationFilter.doFilter(ExceptionTranslationFilter.java:126)
	at org.springframework.security.web.access.ExceptionTranslationFilter.doFilter(ExceptionTranslationFilter.java:120)
	at org.springframework.security.web.FilterChainProxy$VirtualFilterChain.doFilter(FilterChainProxy.java:374)
	at org.springframework.security.web.session.SessionManagementFilter.doFilter(SessionManagementFilter.java:91)
	at org.springframework.security.web.session.SessionManagementFilter.doFilter(SessionManagementFilter.java:85)
	at org.springframework.security.web.FilterChainProxy$VirtualFilterChain.doFilter(FilterChainProxy.java:374)
	at org.springframework.security.web.authentication.AnonymousAuthenticationFilter.doFilter(AnonymousAuthenticationFilter.java:100)
	at org.springframework.security.web.FilterChainProxy$VirtualFilterChain.doFilter(FilterChainProxy.java:374)
	at org.springframework.security.web.servletapi.SecurityContextHolderAwareRequestFilter.doFilter(SecurityContextHolderAwareRequestFilter.java:179)
	at org.springframework.security.web.FilterChainProxy$VirtualFilterChain.doFilter(FilterChainProxy.java:374)
	at org.springframework.security.web.savedrequest.RequestCacheAwareFilter.doFilter(RequestCacheAwareFilter.java:63)
	at org.springframework.security.web.FilterChainProxy$VirtualFilterChain.doFilter(FilterChainProxy.java:374)
	at org.springframework.web.filter.OncePerRequestFilter.doFilter(OncePerRequestFilter.java:101)
	at org.springframework.security.web.FilterChainProxy$VirtualFilterChain.doFilter(FilterChainProxy.java:374)
	at org.springframework.security.web.authentication.logout.LogoutFilter.doFilter(LogoutFilter.java:107)
	at org.springframework.security.web.authentication.logout.LogoutFilter.doFilter(LogoutFilter.java:93)
	at org.springframework.security.web.FilterChainProxy$VirtualFilterChain.doFilter(FilterChainProxy.java:374)
	at org.springframework.web.filter.OncePerRequestFilter.doFilter(OncePerRequestFilter.java:101)
	at org.springframework.security.web.FilterChainProxy$VirtualFilterChain.doFilter(FilterChainProxy.java:374)
	at org.springframework.web.filter.OncePerRequestFilter.doFilter(OncePerRequestFilter.java:101)
	at org.springframework.security.web.FilterChainProxy$VirtualFilterChain.doFilter(FilterChainProxy.java:374)
	at org.springframework.security.web.context.SecurityContextHolderFilter.doFilter(SecurityContextHolderFilter.java:82)
	at org.springframework.security.web.context.SecurityContextHolderFilter.doFilter(SecurityContextHolderFilter.java:69)
	at org.springframework.security.web.FilterChainProxy$VirtualFilterChain.doFilter(FilterChainProxy.java:374)
	at org.springframework.web.filter.OncePerRequestFilter.doFilter(OncePerRequestFilter.java:101)
	at org.springframework.security.web.FilterChainProxy$VirtualFilterChain.doFilter(FilterChainProxy.java:374)
	at org.springframework.web.filter.OncePerRequestFilter.doFilter(OncePerRequestFilter.java:101)
	at org.springframework.security.web.FilterChainProxy$VirtualFilterChain.doFilter(FilterChainProxy.java:374)
	at org.springframework.security.web.FilterChainProxy.doFilterInternal(FilterChainProxy.java:233)
	at org.springframework.security.web.FilterChainProxy.doFilter(FilterChainProxy.java:191)
	at org.springframework.web.filter.CompositeFilter$VirtualFilterChain.doFilter(CompositeFilter.java:113)
	at org.springframework.web.servlet.handler.HandlerMappingIntrospector.lambda$createCacheFilter$3(HandlerMappingIntrospector.java:195)
	at org.springframework.web.filter.CompositeFilter$VirtualFilterChain.doFilter(CompositeFilter.java:113)
	at org.springframework.web.filter.CompositeFilter.doFilter(CompositeFilter.java:74)
	at org.springframework.security.config.annotation.web.configuration.WebMvcSecurityConfiguration$CompositeFilterChainProxy.doFilter(WebMvcSecurityConfiguration.java:225)
	at org.springframework.web.filter.DelegatingFilterProxy.invokeDelegate(DelegatingFilterProxy.java:352)
	at org.springframework.web.filter.DelegatingFilterProxy.doFilter(DelegatingFilterProxy.java:268)
	at org.apache.catalina.core.ApplicationFilterChain.internalDoFilter(ApplicationFilterChain.java:174)
	at org.apache.catalina.core.ApplicationFilterChain.doFilter(ApplicationFilterChain.java:149)
	at org.springframework.web.filter.RequestContextFilter.doFilterInternal(RequestContextFilter.java:100)
	at org.springframework.web.filter.OncePerRequestFilter.doFilter(OncePerRequestFilter.java:116)
	at org.apache.catalina.core.ApplicationFilterChain.internalDoFilter(ApplicationFilterChain.java:174)
	at org.apache.catalina.core.ApplicationFilterChain.doFilter(ApplicationFilterChain.java:149)
	at org.springframework.web.filter.OncePerRequestFilter.doFilter(OncePerRequestFilter.java:101)
	at org.apache.catalina.core.ApplicationFilterChain.internalDoFilter(ApplicationFilterChain.java:174)
	at org.apache.catalina.core.ApplicationFilterChain.doFilter(ApplicationFilterChain.java:149)
	at org.springframework.web.filter.OncePerRequestFilter.doFilter(OncePerRequestFilter.java:101)
	at org.apache.catalina.core.ApplicationFilterChain.internalDoFilter(ApplicationFilterChain.java:174)
	at org.apache.catalina.core.ApplicationFilterChain.doFilter(ApplicationFilterChain.java:149)
	at org.apache.catalina.core.ApplicationDispatcher.invoke(ApplicationDispatcher.java:642)
	at org.apache.catalina.core.ApplicationDispatcher.processRequest(ApplicationDispatcher.java:410)
	at org.apache.catalina.core.ApplicationDispatcher.doForward(ApplicationDispatcher.java:340)
	at org.apache.catalina.core.ApplicationDispatcher.forward(ApplicationDispatcher.java:277)
	at org.apache.catalina.core.StandardHostValve.custom(StandardHostValve.java:362)
	at org.apache.catalina.core.StandardHostValve.status(StandardHostValve.java:222)
	at org.apache.catalina.core.StandardHostValve.invoke(StandardHostValve.java:151)
	at org.apache.catalina.valves.ErrorReportValve.invoke(ErrorReportValve.java:93)
	at org.apache.catalina.core.StandardEngineValve.invoke(StandardEngineValve.java:74)
	at org.apache.catalina.connector.CoyoteAdapter.service(CoyoteAdapter.java:340)
	at org.apache.coyote.http11.Http11Processor.service(Http11Processor.java:391)
	at org.apache.coyote.AbstractProcessorLight.process(AbstractProcessorLight.java:63)
	at org.apache.coyote.AbstractProtocol$ConnectionHandler.process(AbstractProtocol.java:896)
	at org.apache.tomcat.util.net.NioEndpoint$SocketProcessor.doRun(NioEndpoint.java:1744)
	at org.apache.tomcat.util.net.SocketProcessorBase.run(SocketProcessorBase.java:52)
	at org.apache.tomcat.util.threads.ThreadPoolExecutor.runWorker(ThreadPoolExecutor.java:1191)
	at org.apache.tomcat.util.threads.ThreadPoolExecutor$Worker.run(ThreadPoolExecutor.java:659)
	at org.apache.tomcat.util.threads.TaskThread$WrappingRunnable.run(TaskThread.java:61)
	at java.base/java.lang.Thread.run(Thread.java:833)
Caused by: java.io.IOException: 현재 연결은 사용자의 호스트 시스템의 소프트웨어의 의해 중단되었습니다
	at java.base/sun.nio.ch.SocketDispatcher.write0(Native Method)
	at java.base/sun.nio.ch.SocketDispatcher.write(SocketDispatcher.java:54)
	at java.base/sun.nio.ch.IOUtil.writeFromNativeBuffer(IOUtil.java:132)
	at java.base/sun.nio.ch.IOUtil.write(IOUtil.java:97)
	at java.base/sun.nio.ch.IOUtil.write(IOUtil.java:53)
	at java.base/sun.nio.ch.SocketChannelImpl.write(SocketChannelImpl.java:532)
	at org.apache.tomcat.util.net.NioChannel.write(NioChannel.java:118)
	at org.apache.tomcat.util.net.NioEndpoint$NioSocketWrapper.doWrite(NioEndpoint.java:1381)
	at org.apache.tomcat.util.net.SocketWrapperBase.doWrite(SocketWrapperBase.java:764)
	at org.apache.tomcat.util.net.SocketWrapperBase.flushBlocking(SocketWrapperBase.java:728)
	at org.apache.tomcat.util.net.SocketWrapperBase.flush(SocketWrapperBase.java:712)
	at org.apache.coyote.http11.Http11OutputBuffer$SocketOutputBuffer.flush(Http11OutputBuffer.java:566)
	at org.apache.coyote.http11.filters.ChunkedOutputFilter.flush(ChunkedOutputFilter.java:157)
	at org.apache.coyote.http11.Http11OutputBuffer.flush(Http11OutputBuffer.java:220)
	at org.apache.coyote.http11.Http11Processor.flush(Http11Processor.java:1245)
	at org.apache.coyote.AbstractProcessor.action(AbstractProcessor.java:400)
	at org.apache.coyote.Response.action(Response.java:208)
	at org.apache.catalina.connector.OutputBuffer.doFlush(OutputBuffer.java:301)
	... 99 common frames omitted
[2024-01-10 11:55:09 [32mINFO [0;39m http-nio-8080-exec-1] [com.green.greengram4.feed.FeedService] [36mdto.getIuser : 3[0;39m
[2024-01-10 11:55:09 [32mINFO [0;39m http-nio-8080-exec-1] [com.zaxxer.hikari.HikariDataSource] [36mHikariPool-2 - Starting...[0;39m
[2024-01-10 11:55:09 [32mINFO [0;39m http-nio-8080-exec-1] [com.zaxxer.hikari.pool.HikariPool] [36mHikariPool-2 - Added connection org.mariadb.jdbc.Connection@80c03a1[0;39m
[2024-01-10 11:55:09 [32mINFO [0;39m http-nio-8080-exec-1] [com.zaxxer.hikari.HikariDataSource] [36mHikariPool-2 - Start completed.[0;39m
[2024-01-10 11:55:09 [32mINFO [0;39m http-nio-8080-exec-1] [com.green.greengram4.feed.FeedService] [36mfeedAffectedRows : 1[0;39m
[2024-01-10 11:55:09 [32mINFO [0;39m http-nio-8080-exec-1] [com.green.greengram4.feed.FeedService] [36mfeedPicsAffectedRows : 1[0;39m
[2024-01-10 13:07:08 [32mINFO [0;39m SpringApplicationShutdownHook] [com.zaxxer.hikari.HikariDataSource] [36mHikariPool-2 - Shutdown initiated...[0;39m
[2024-01-10 13:07:08 [32mINFO [0;39m SpringApplicationShutdownHook] [com.zaxxer.hikari.HikariDataSource] [36mHikariPool-2 - Shutdown completed.[0;39m
